AH00558: apache2: Could not reliably determine the server's fully qualified domain name, using 172.18.0.5. Set the 'ServerName' directive globally to suppress this message
[Tue Apr 09 16:25:05.098530 2019] [mpm_prefork:notice] [pid 11] AH00163: Apache/2.4.29 (Ubuntu) configured -- resuming normal operations
[Tue Apr 09 16:25:05.111057 2019] [core:notice] [pid 11] AH00094: Command line: '/usr/sbin/apache2 -D FOREGROUND'
AH00558: apache2: Could not reliably determine the server's fully qualified domain name, using 172.20.0.3. Set the 'ServerName' directive globally to suppress this message
[Tue Apr 09 17:29:07.778610 2019] [mpm_prefork:notice] [pid 10] AH00163: Apache/2.4.29 (Ubuntu) configured -- resuming normal operations
[Tue Apr 09 17:29:07.778657 2019] [core:notice] [pid 10] AH00094: Command line: '/usr/sbin/apache2 -D FOREGROUND'
AH00558: apache2: Could not reliably determine the server's fully qualified domain name, using 172.21.0.3. Set the 'ServerName' directive globally to suppress this message
[Tue Apr 09 19:12:44.367490 2019] [mpm_prefork:notice] [pid 11] AH00163: Apache/2.4.29 (Ubuntu) configured -- resuming normal operations
[Tue Apr 09 19:12:44.367537 2019] [core:notice] [pid 11] AH00094: Command line: '/usr/sbin/apache2 -D FOREGROUND'
AH00558: apache2: Could not reliably determine the server's fully qualified domain name, using 172.22.0.3. Set the 'ServerName' directive globally to suppress this message
[Tue Apr 09 19:34:22.183448 2019] [mpm_prefork:notice] [pid 11] AH00163: Apache/2.4.29 (Ubuntu) configured -- resuming normal operations
[Tue Apr 09 19:34:22.183492 2019] [core:notice] [pid 11] AH00094: Command line: '/usr/sbin/apache2 -D FOREGROUND'
AH00558: apache2: Could not reliably determine the server's fully qualified domain name, using 172.22.0.4. Set the 'ServerName' directive globally to suppress this message
[Tue Apr 09 19:35:14.509942 2019] [core:warn] [pid 11] AH00098: pid file /var/run/apache2/apache2.pid overwritten -- Unclean shutdown of previous Apache run?
[Tue Apr 09 19:35:14.512387 2019] [mpm_prefork:notice] [pid 11] AH00163: Apache/2.4.29 (Ubuntu) configured -- resuming normal operations
[Tue Apr 09 19:35:14.512413 2019] [core:notice] [pid 11] AH00094: Command line: '/usr/sbin/apache2 -D FOREGROUND'
AH00558: apache2: Could not reliably determine the server's fully qualified domain name, using 172.22.0.3. Set the 'ServerName' directive globally to suppress this message
[Wed Apr 10 06:22:39.238862 2019] [core:warn] [pid 10] AH00098: pid file /var/run/apache2/apache2.pid overwritten -- Unclean shutdown of previous Apache run?
[Wed Apr 10 06:22:39.241483 2019] [mpm_prefork:notice] [pid 10] AH00163: Apache/2.4.29 (Ubuntu) configured -- resuming normal operations
[Wed Apr 10 06:22:39.241506 2019] [core:notice] [pid 10] AH00094: Command line: '/usr/sbin/apache2 -D FOREGROUND'
AH00558: apache2: Could not reliably determine the server's fully qualified domain name, using 172.22.0.3. Set the 'ServerName' directive globally to suppress this message
[Wed Apr 10 06:35:07.207244 2019] [core:warn] [pid 10] AH00098: pid file /var/run/apache2/apache2.pid overwritten -- Unclean shutdown of previous Apache run?
[Wed Apr 10 06:35:07.209618 2019] [mpm_prefork:notice] [pid 10] AH00163: Apache/2.4.29 (Ubuntu) configured -- resuming normal operations
[Wed Apr 10 06:35:07.209647 2019] [core:notice] [pid 10] AH00094: Command line: '/usr/sbin/apache2 -D FOREGROUND'
2019-04-10T06:36:41+00:00 [info] User Deprecated: The "Symfony\Component\HttpKernel\EventListener\ExceptionListener" class is considered final since Symfony 4.3. It may change without further notice as of its next major version. You should not extend it from "ApiPlatform\Core\EventListener\ExceptionListener".
2019-04-10T06:36:41+00:00 [info] User Deprecated: The "ApiPlatform\Core\EventListener\ExceptionListener::onKernelException()" method will require a new "string $eventName" argument in the next major version of its parent class "Symfony\Component\HttpKernel\EventListener\ExceptionListener", not defining it is deprecated.
2019-04-10T06:36:41+00:00 [info] User Deprecated: The "ApiPlatform\Core\EventListener\ExceptionListener::onKernelException()" method will require a new "EventDispatcherInterface $eventDispatcher" argument in the next major version of its parent class "Symfony\Component\HttpKernel\EventListener\ExceptionListener", not defining it is deprecated.
2019-04-10T06:36:41+00:00 [info] User Deprecated: Option "generator_base_class" given to router Symfony\Bundle\FrameworkBundle\Routing\Router is deprecated since Symfony 4.3.
2019-04-10T06:36:41+00:00 [info] User Deprecated: Option "generator_cache_class" given to router Symfony\Bundle\FrameworkBundle\Routing\Router is deprecated since Symfony 4.3.
2019-04-10T06:36:41+00:00 [info] User Deprecated: Option "matcher_base_class" given to router Symfony\Bundle\FrameworkBundle\Routing\Router is deprecated since Symfony 4.3.
2019-04-10T06:36:41+00:00 [info] User Deprecated: Option "matcher_cache_class" given to router Symfony\Bundle\FrameworkBundle\Routing\Router is deprecated since Symfony 4.3.
2019-04-10T06:36:41+00:00 [debug] Notified event "kernel.request" to listener "Symfony\Component\HttpKernel\EventListener\DebugHandlersListener::configure".
2019-04-10T06:36:41+00:00 [debug] Notified event "kernel.request" to listener "Symfony\Component\HttpKernel\EventListener\ValidateRequestListener::onKernelRequest".
2019-04-10T06:36:41+00:00 [info] User Deprecated: Passing a "Symfony\Component\HttpFoundation\RequestStack" instance as the first argument to the "Symfony\Bridge\Twig\Extension\HttpFoundationExtension" constructor is deprecated since Symfony 4.3, pass a "Symfony\Component\HttpFoundation\UrlHelper" instance instead.
2019-04-10T06:36:41+00:00 [error] Uncaught PHP Exception Symfony\Component\HttpKernel\Exception\BadRequestHttpException: "Untrusted Host "service-booking.local"." at /var/www/html/vendor/symfony/http-kernel/HttpKernel.php line 71
2019-04-10T06:36:41+00:00 [debug] Notified event "kernel.request" to listener "Symfony\Component\HttpKernel\EventListener\DebugHandlersListener::configure".
2019-04-10T06:36:41+00:00 [debug] Notified event "kernel.request" to listener "Symfony\Component\HttpKernel\EventListener\ValidateRequestListener::onKernelRequest".
2019-04-10T06:36:41+00:00 [debug] Notified event "kernel.request" to listener "Nelmio\CorsBundle\EventListener\CorsListener::onKernelRequest".
2019-04-10T06:36:41+00:00 [debug] Notified event "kernel.request" to listener "Symfony\Component\HttpKernel\EventListener\SessionListener::onKernelRequest".
2019-04-10T06:36:41+00:00 [debug] Notified event "kernel.request" to listener "Symfony\Component\HttpKernel\EventListener\LocaleListener::setDefaultLocale".
2019-04-10T06:36:41+00:00 [debug] Notified event "kernel.request" to listener "Symfony\Component\HttpKernel\EventListener\RouterListener::onKernelRequest".
2019-04-10T06:36:41+00:00 [debug] Notified event "kernel.request" to listener "Symfony\Bundle\FrameworkBundle\EventListener\ResolveControllerNameSubscriber::onKernelRequest".
2019-04-10T06:36:41+00:00 [debug] Notified event "kernel.request" to listener "ApiPlatform\Core\Filter\QueryParameterValidateListener::onKernelRequest".
2019-04-10T06:36:41+00:00 [debug] Notified event "kernel.request" to listener "Symfony\Component\HttpKernel\EventListener\LocaleListener::onKernelRequest".
2019-04-10T06:36:41+00:00 [debug] Notified event "kernel.request" to listener "Symfony\Bundle\SecurityBundle\Debug\TraceableFirewallListener::configureLogoutUrlGenerator".
2019-04-10T06:36:41+00:00 [debug] Notified event "kernel.request" to listener "Symfony\Bundle\SecurityBundle\Debug\TraceableFirewallListener::onKernelRequest".
2019-04-10T06:36:41+00:00 [debug] Notified event "kernel.request" to listener "ApiPlatform\Core\EventListener\AddFormatListener::onKernelRequest".
2019-04-10T06:36:41+00:00 [debug] Notified event "kernel.request" to listener "ApiPlatform\Core\EventListener\ReadListener::onKernelRequest".
2019-04-10T06:36:41+00:00 [debug] Notified event "kernel.request" to listener "ApiPlatform\Core\EventListener\DeserializeListener::onKernelRequest".
2019-04-10T06:36:41+00:00 [debug] Notified event "kernel.request" to listener "ApiPlatform\Core\Security\EventListener\DenyAccessListener::onKernelRequest".
2019-04-10T06:36:41+00:00 [debug] Notified event "kernel.request" to listener "ApiPlatform\Core\Bridge\Symfony\Bundle\EventListener\SwaggerUiListener::onKernelRequest".
2019-04-10T06:36:41+00:00 [debug] Notified event "kernel.controller" to listener "Symfony\Bundle\FrameworkBundle\DataCollector\RouterDataCollector::onKernelController".
2019-04-10T06:36:41+00:00 [debug] Notified event "kernel.controller" to listener "Symfony\Component\HttpKernel\DataCollector\RequestDataCollector::onKernelController".
2019-04-10T06:36:41+00:00 [debug] Warning: filemtime(): stat failed for /var/www/config/routes/annotations.yaml
2019-04-10T06:36:41+00:00 [info] User Deprecated: The "Symfony\Component\Routing\Generator\Dumper\PhpGeneratorDumper" class is deprecated since Symfony 4.3, use "CompiledUrlGeneratorDumper" instead.
2019-04-10T06:36:42+00:00 [debug] Notified event "kernel.response" to listener "ApiPlatform\Core\Hydra\EventListener\AddLinkHeaderListener::onKernelResponse".
2019-04-10T06:36:42+00:00 [debug] Notified event "kernel.response" to listener "Symfony\Component\HttpKernel\EventListener\ResponseListener::onKernelResponse".
2019-04-10T06:36:42+00:00 [debug] Notified event "kernel.response" to listener "Symfony\Component\HttpKernel\DataCollector\RequestDataCollector::onKernelResponse".
2019-04-10T06:36:42+00:00 [debug] Notified event "kernel.response" to listener "Symfony\Component\WebLink\EventListener\AddLinkHeaderListener::onKernelResponse".
2019-04-10T06:36:42+00:00 [debug] Notified event "kernel.response" to listener "Symfony\Component\Security\Http\RememberMe\ResponseListener::onKernelResponse".
2019-04-10T06:36:42+00:00 [debug] Notified event "kernel.response" to listener "ApiPlatform\Core\HttpCache\EventListener\AddHeadersListener::onKernelResponse".
2019-04-10T06:36:42+00:00 [debug] Notified event "kernel.response" to listener "Symfony\Component\HttpKernel\EventListener\ProfilerListener::onKernelResponse".
2019-04-10T06:36:42+00:00 [debug] Notified event "kernel.response" to listener "Symfony\Bundle\WebProfilerBundle\EventListener\WebDebugToolbarListener::onKernelResponse".
2019-04-10T06:36:42+00:00 [debug] Notified event "kernel.response" to listener "Symfony\Component\HttpKernel\EventListener\SessionListener::onKernelResponse".
2019-04-10T06:36:42+00:00 [debug] Notified event "kernel.response" to listener "Symfony\Component\HttpKernel\EventListener\StreamedResponseListener::onKernelResponse".
2019-04-10T06:36:42+00:00 [debug] Notified event "kernel.finish_request" to listener "Symfony\Component\HttpKernel\EventListener\LocaleListener::onKernelFinishRequest".
2019-04-10T06:36:42+00:00 [debug] Notified event "kernel.finish_request" to listener "Symfony\Component\HttpKernel\EventListener\SessionListener::onFinishRequest".
2019-04-10T06:36:42+00:00 [debug] Notified event "kernel.finish_request" to listener "Symfony\Component\HttpKernel\EventListener\RouterListener::onKernelFinishRequest".
2019-04-10T06:36:42+00:00 [debug] Notified event "kernel.finish_request" to listener "Symfony\Bundle\SecurityBundle\Debug\TraceableFirewallListener::onKernelFinishRequest".
2019-04-10T06:36:42+00:00 [debug] Notified event "kernel.exception" to listener "ApiPlatform\Core\Bridge\Symfony\Validator\EventListener\ValidationExceptionListener::onKernelException".
2019-04-10T06:36:42+00:00 [debug] Notified event "kernel.exception" to listener "Symfony\Component\HttpKernel\EventListener\ProfilerListener::onKernelException".
2019-04-10T06:36:42+00:00 [debug] Notified event "kernel.exception" to listener "Symfony\Component\HttpKernel\EventListener\ExceptionListener::logKernelException".
2019-04-10T06:36:42+00:00 [debug] Notified event "kernel.exception" to listener "Symfony\Component\HttpKernel\EventListener\RouterListener::onKernelException".
2019-04-10T06:36:42+00:00 [debug] Notified event "kernel.exception" to listener "ApiPlatform\Core\EventListener\ExceptionListener::onKernelException".
2019-04-10T06:36:42+00:00 [debug] Notified event "kernel.exception" to listener "Symfony\Component\HttpKernel\EventListener\ExceptionListener::onKernelException".
2019-04-10T06:36:42+00:00 [debug] Listener "Symfony\Component\HttpKernel\EventListener\ExceptionListener::onKernelException" stopped propagation of the event "kernel.exception".
2019-04-10T06:36:42+00:00 [debug] Listener "Symfony\Component\HttpKernel\EventListener\ExceptionListener::onKernelException" was not called for event "kernel.exception".
2019-04-10T06:36:42+00:00 [debug] Notified event "kernel.response" to listener "ApiPlatform\Core\Hydra\EventListener\AddLinkHeaderListener::onKernelResponse".
2019-04-10T06:36:42+00:00 [debug] Notified event "kernel.response" to listener "Symfony\Component\HttpKernel\EventListener\ResponseListener::onKernelResponse".
2019-04-10T06:36:42+00:00 [debug] Notified event "kernel.response" to listener "Symfony\Component\HttpKernel\DataCollector\RequestDataCollector::onKernelResponse".
2019-04-10T06:36:42+00:00 [debug] Notified event "kernel.response" to listener "Symfony\Component\WebLink\EventListener\AddLinkHeaderListener::onKernelResponse".
2019-04-10T06:36:42+00:00 [debug] Notified event "kernel.response" to listener "Symfony\Component\Security\Http\RememberMe\ResponseListener::onKernelResponse".
2019-04-10T06:36:42+00:00 [debug] Notified event "kernel.response" to listener "ApiPlatform\Core\HttpCache\EventListener\AddHeadersListener::onKernelResponse".
2019-04-10T06:36:42+00:00 [debug] Notified event "kernel.response" to listener "Symfony\Component\HttpKernel\EventListener\ProfilerListener::onKernelResponse".
2019-04-10T06:36:42+00:00 [debug] Notified event "kernel.response" to listener "Symfony\Bundle\WebProfilerBundle\EventListener\WebDebugToolbarListener::onKernelResponse".
2019-04-10T06:36:42+00:00 [debug] Notified event "kernel.response" to listener "Symfony\Component\HttpKernel\EventListener\SessionListener::onKernelResponse".
2019-04-10T06:36:42+00:00 [debug] Notified event "kernel.response" to listener "Symfony\Component\HttpKernel\EventListener\StreamedResponseListener::onKernelResponse".
2019-04-10T06:36:42+00:00 [debug] Notified event "kernel.finish_request" to listener "Symfony\Component\HttpKernel\EventListener\LocaleListener::onKernelFinishRequest".
2019-04-10T06:36:42+00:00 [debug] Notified event "kernel.finish_request" to listener "Symfony\Component\HttpKernel\EventListener\SessionListener::onFinishRequest".
2019-04-10T06:36:42+00:00 [debug] Notified event "kernel.finish_request" to listener "Symfony\Component\HttpKernel\EventListener\RouterListener::onKernelFinishRequest".
2019-04-10T06:36:42+00:00 [debug] Notified event "kernel.finish_request" to listener "Symfony\Bundle\SecurityBundle\Debug\TraceableFirewallListener::onKernelFinishRequest".
2019-04-10T06:36:42+00:00 [debug] Notified event "kernel.terminate" to listener "Symfony\Component\HttpKernel\EventListener\ProfilerListener::onKernelTerminate".
2019-04-10T06:36:42+00:00 [info] User Deprecated: Option "generator_base_class" given to router Symfony\Bundle\FrameworkBundle\Routing\Router is deprecated since Symfony 4.3.
2019-04-10T06:36:42+00:00 [info] User Deprecated: Option "generator_cache_class" given to router Symfony\Bundle\FrameworkBundle\Routing\Router is deprecated since Symfony 4.3.
2019-04-10T06:36:42+00:00 [info] User Deprecated: Option "matcher_base_class" given to router Symfony\Bundle\FrameworkBundle\Routing\Router is deprecated since Symfony 4.3.
2019-04-10T06:36:42+00:00 [info] User Deprecated: Option "matcher_cache_class" given to router Symfony\Bundle\FrameworkBundle\Routing\Router is deprecated since Symfony 4.3.
2019-04-10T06:36:42+00:00 [debug] Notified event "kernel.request" to listener "Symfony\Component\HttpKernel\EventListener\DebugHandlersListener::configure".
2019-04-10T06:36:42+00:00 [debug] Notified event "kernel.request" to listener "Symfony\Component\HttpKernel\EventListener\ValidateRequestListener::onKernelRequest".
2019-04-10T06:36:42+00:00 [info] User Deprecated: Passing a "Symfony\Component\HttpFoundation\RequestStack" instance as the first argument to the "Symfony\Bridge\Twig\Extension\HttpFoundationExtension" constructor is deprecated since Symfony 4.3, pass a "Symfony\Component\HttpFoundation\UrlHelper" instance instead.
2019-04-10T06:36:42+00:00 [error] Uncaught PHP Exception Symfony\Component\HttpKernel\Exception\BadRequestHttpException: "Untrusted Host "service-booking.local"." at /var/www/html/vendor/symfony/http-kernel/HttpKernel.php line 71
2019-04-10T06:36:42+00:00 [debug] Notified event "kernel.request" to listener "Symfony\Component\HttpKernel\EventListener\DebugHandlersListener::configure".
2019-04-10T06:36:42+00:00 [debug] Notified event "kernel.request" to listener "Symfony\Component\HttpKernel\EventListener\ValidateRequestListener::onKernelRequest".
2019-04-10T06:36:42+00:00 [debug] Notified event "kernel.request" to listener "Nelmio\CorsBundle\EventListener\CorsListener::onKernelRequest".
2019-04-10T06:36:42+00:00 [debug] Notified event "kernel.request" to listener "Symfony\Component\HttpKernel\EventListener\SessionListener::onKernelRequest".
2019-04-10T06:36:42+00:00 [debug] Notified event "kernel.request" to listener "Symfony\Component\HttpKernel\EventListener\LocaleListener::setDefaultLocale".
2019-04-10T06:36:42+00:00 [debug] Notified event "kernel.request" to listener "Symfony\Component\HttpKernel\EventListener\RouterListener::onKernelRequest".
2019-04-10T06:36:42+00:00 [debug] Notified event "kernel.request" to listener "Symfony\Bundle\FrameworkBundle\EventListener\ResolveControllerNameSubscriber::onKernelRequest".
2019-04-10T06:36:42+00:00 [debug] Notified event "kernel.request" to listener "ApiPlatform\Core\Filter\QueryParameterValidateListener::onKernelRequest".
2019-04-10T06:36:42+00:00 [debug] Notified event "kernel.request" to listener "Symfony\Component\HttpKernel\EventListener\LocaleListener::onKernelRequest".
2019-04-10T06:36:42+00:00 [debug] Notified event "kernel.request" to listener "Symfony\Bundle\SecurityBundle\Debug\TraceableFirewallListener::configureLogoutUrlGenerator".
2019-04-10T06:36:42+00:00 [debug] Notified event "kernel.request" to listener "Symfony\Bundle\SecurityBundle\Debug\TraceableFirewallListener::onKernelRequest".
2019-04-10T06:36:42+00:00 [debug] Notified event "kernel.request" to listener "ApiPlatform\Core\EventListener\AddFormatListener::onKernelRequest".
2019-04-10T06:36:42+00:00 [debug] Notified event "kernel.request" to listener "ApiPlatform\Core\EventListener\ReadListener::onKernelRequest".
2019-04-10T06:36:42+00:00 [debug] Notified event "kernel.request" to listener "ApiPlatform\Core\EventListener\DeserializeListener::onKernelRequest".
2019-04-10T06:36:42+00:00 [debug] Notified event "kernel.request" to listener "ApiPlatform\Core\Security\EventListener\DenyAccessListener::onKernelRequest".
2019-04-10T06:36:42+00:00 [debug] Notified event "kernel.request" to listener "ApiPlatform\Core\Bridge\Symfony\Bundle\EventListener\SwaggerUiListener::onKernelRequest".
2019-04-10T06:36:42+00:00 [debug] Notified event "kernel.controller" to listener "Symfony\Bundle\FrameworkBundle\DataCollector\RouterDataCollector::onKernelController".
2019-04-10T06:36:42+00:00 [debug] Notified event "kernel.controller" to listener "Symfony\Component\HttpKernel\DataCollector\RequestDataCollector::onKernelController".
2019-04-10T06:36:42+00:00 [debug] Notified event "kernel.response" to listener "ApiPlatform\Core\Hydra\EventListener\AddLinkHeaderListener::onKernelResponse".
2019-04-10T06:36:42+00:00 [debug] Notified event "kernel.response" to listener "Symfony\Component\HttpKernel\EventListener\ResponseListener::onKernelResponse".
2019-04-10T06:36:42+00:00 [debug] Notified event "kernel.response" to listener "Symfony\Component\HttpKernel\DataCollector\RequestDataCollector::onKernelResponse".
2019-04-10T06:36:42+00:00 [debug] Notified event "kernel.response" to listener "Symfony\Component\WebLink\EventListener\AddLinkHeaderListener::onKernelResponse".
2019-04-10T06:36:42+00:00 [debug] Notified event "kernel.response" to listener "Symfony\Component\Security\Http\RememberMe\ResponseListener::onKernelResponse".
2019-04-10T06:36:42+00:00 [debug] Notified event "kernel.response" to listener "ApiPlatform\Core\HttpCache\EventListener\AddHeadersListener::onKernelResponse".
2019-04-10T06:36:42+00:00 [debug] Notified event "kernel.response" to listener "Symfony\Component\HttpKernel\EventListener\ProfilerListener::onKernelResponse".
2019-04-10T06:36:42+00:00 [debug] Notified event "kernel.response" to listener "Symfony\Bundle\WebProfilerBundle\EventListener\WebDebugToolbarListener::onKernelResponse".
2019-04-10T06:36:42+00:00 [debug] Notified event "kernel.response" to listener "Symfony\Component\HttpKernel\EventListener\SessionListener::onKernelResponse".
2019-04-10T06:36:42+00:00 [debug] Notified event "kernel.response" to listener "Symfony\Component\HttpKernel\EventListener\StreamedResponseListener::onKernelResponse".
2019-04-10T06:36:42+00:00 [debug] Notified event "kernel.finish_request" to listener "Symfony\Component\HttpKernel\EventListener\LocaleListener::onKernelFinishRequest".
2019-04-10T06:36:42+00:00 [debug] Notified event "kernel.finish_request" to listener "Symfony\Component\HttpKernel\EventListener\SessionListener::onFinishRequest".
2019-04-10T06:36:42+00:00 [debug] Notified event "kernel.finish_request" to listener "Symfony\Component\HttpKernel\EventListener\RouterListener::onKernelFinishRequest".
2019-04-10T06:36:42+00:00 [debug] Notified event "kernel.finish_request" to listener "Symfony\Bundle\SecurityBundle\Debug\TraceableFirewallListener::onKernelFinishRequest".
2019-04-10T06:36:42+00:00 [debug] Notified event "kernel.exception" to listener "ApiPlatform\Core\Bridge\Symfony\Validator\EventListener\ValidationExceptionListener::onKernelException".
2019-04-10T06:36:42+00:00 [debug] Notified event "kernel.exception" to listener "Symfony\Component\HttpKernel\EventListener\ProfilerListener::onKernelException".
2019-04-10T06:36:42+00:00 [debug] Notified event "kernel.exception" to listener "Symfony\Component\HttpKernel\EventListener\ExceptionListener::logKernelException".
2019-04-10T06:36:42+00:00 [debug] Notified event "kernel.exception" to listener "Symfony\Component\HttpKernel\EventListener\RouterListener::onKernelException".
2019-04-10T06:36:42+00:00 [debug] Notified event "kernel.exception" to listener "ApiPlatform\Core\EventListener\ExceptionListener::onKernelException".
2019-04-10T06:36:42+00:00 [debug] Notified event "kernel.exception" to listener "Symfony\Component\HttpKernel\EventListener\ExceptionListener::onKernelException".
2019-04-10T06:36:42+00:00 [debug] Listener "Symfony\Component\HttpKernel\EventListener\ExceptionListener::onKernelException" stopped propagation of the event "kernel.exception".
2019-04-10T06:36:42+00:00 [debug] Listener "Symfony\Component\HttpKernel\EventListener\ExceptionListener::onKernelException" was not called for event "kernel.exception".
2019-04-10T06:36:42+00:00 [debug] Notified event "kernel.response" to listener "ApiPlatform\Core\Hydra\EventListener\AddLinkHeaderListener::onKernelResponse".
2019-04-10T06:36:42+00:00 [debug] Notified event "kernel.response" to listener "Symfony\Component\HttpKernel\EventListener\ResponseListener::onKernelResponse".
2019-04-10T06:36:42+00:00 [debug] Notified event "kernel.response" to listener "Symfony\Component\HttpKernel\DataCollector\RequestDataCollector::onKernelResponse".
2019-04-10T06:36:42+00:00 [debug] Notified event "kernel.response" to listener "Symfony\Component\WebLink\EventListener\AddLinkHeaderListener::onKernelResponse".
2019-04-10T06:36:42+00:00 [debug] Notified event "kernel.response" to listener "Symfony\Component\Security\Http\RememberMe\ResponseListener::onKernelResponse".
2019-04-10T06:36:42+00:00 [debug] Notified event "kernel.response" to listener "ApiPlatform\Core\HttpCache\EventListener\AddHeadersListener::onKernelResponse".
2019-04-10T06:36:42+00:00 [debug] Notified event "kernel.response" to listener "Symfony\Component\HttpKernel\EventListener\ProfilerListener::onKernelResponse".
2019-04-10T06:36:42+00:00 [debug] Notified event "kernel.response" to listener "Symfony\Bundle\WebProfilerBundle\EventListener\WebDebugToolbarListener::onKernelResponse".
2019-04-10T06:36:42+00:00 [debug] Notified event "kernel.response" to listener "Symfony\Component\HttpKernel\EventListener\SessionListener::onKernelResponse".
2019-04-10T06:36:42+00:00 [debug] Notified event "kernel.response" to listener "Symfony\Component\HttpKernel\EventListener\StreamedResponseListener::onKernelResponse".
2019-04-10T06:36:42+00:00 [debug] Notified event "kernel.finish_request" to listener "Symfony\Component\HttpKernel\EventListener\LocaleListener::onKernelFinishRequest".
2019-04-10T06:36:42+00:00 [debug] Notified event "kernel.finish_request" to listener "Symfony\Component\HttpKernel\EventListener\SessionListener::onFinishRequest".
2019-04-10T06:36:42+00:00 [debug] Notified event "kernel.finish_request" to listener "Symfony\Component\HttpKernel\EventListener\RouterListener::onKernelFinishRequest".
2019-04-10T06:36:42+00:00 [debug] Notified event "kernel.finish_request" to listener "Symfony\Bundle\SecurityBundle\Debug\TraceableFirewallListener::onKernelFinishRequest".
2019-04-10T06:36:42+00:00 [debug] Notified event "kernel.terminate" to listener "Symfony\Component\HttpKernel\EventListener\ProfilerListener::onKernelTerminate".
2019-04-10T06:37:37+00:00 [info] User Deprecated: Option "generator_base_class" given to router Symfony\Bundle\FrameworkBundle\Routing\Router is deprecated since Symfony 4.3.
2019-04-10T06:37:37+00:00 [info] User Deprecated: Option "generator_cache_class" given to router Symfony\Bundle\FrameworkBundle\Routing\Router is deprecated since Symfony 4.3.
2019-04-10T06:37:37+00:00 [info] User Deprecated: Option "matcher_base_class" given to router Symfony\Bundle\FrameworkBundle\Routing\Router is deprecated since Symfony 4.3.
2019-04-10T06:37:37+00:00 [info] User Deprecated: Option "matcher_cache_class" given to router Symfony\Bundle\FrameworkBundle\Routing\Router is deprecated since Symfony 4.3.
2019-04-10T06:37:37+00:00 [debug] Notified event "kernel.request" to listener "Symfony\Component\HttpKernel\EventListener\DebugHandlersListener::configure".
2019-04-10T06:37:37+00:00 [debug] Notified event "kernel.request" to listener "Symfony\Component\HttpKernel\EventListener\ValidateRequestListener::onKernelRequest".
2019-04-10T06:37:37+00:00 [info] User Deprecated: Passing a "Symfony\Component\HttpFoundation\RequestStack" instance as the first argument to the "Symfony\Bridge\Twig\Extension\HttpFoundationExtension" constructor is deprecated since Symfony 4.3, pass a "Symfony\Component\HttpFoundation\UrlHelper" instance instead.
2019-04-10T06:37:37+00:00 [error] Uncaught PHP Exception Symfony\Component\HttpKernel\Exception\BadRequestHttpException: "Untrusted Host "service-booking.local"." at /var/www/html/vendor/symfony/http-kernel/HttpKernel.php line 71
2019-04-10T06:37:37+00:00 [debug] Notified event "kernel.request" to listener "Symfony\Component\HttpKernel\EventListener\DebugHandlersListener::configure".
2019-04-10T06:37:37+00:00 [debug] Notified event "kernel.request" to listener "Symfony\Component\HttpKernel\EventListener\ValidateRequestListener::onKernelRequest".
2019-04-10T06:37:37+00:00 [debug] Notified event "kernel.request" to listener "Nelmio\CorsBundle\EventListener\CorsListener::onKernelRequest".
2019-04-10T06:37:37+00:00 [debug] Notified event "kernel.request" to listener "Symfony\Component\HttpKernel\EventListener\SessionListener::onKernelRequest".
2019-04-10T06:37:37+00:00 [debug] Notified event "kernel.request" to listener "Symfony\Component\HttpKernel\EventListener\LocaleListener::setDefaultLocale".
2019-04-10T06:37:37+00:00 [debug] Notified event "kernel.request" to listener "Symfony\Component\HttpKernel\EventListener\RouterListener::onKernelRequest".
2019-04-10T06:37:37+00:00 [debug] Notified event "kernel.request" to listener "Symfony\Bundle\FrameworkBundle\EventListener\ResolveControllerNameSubscriber::onKernelRequest".
2019-04-10T06:37:37+00:00 [debug] Notified event "kernel.request" to listener "ApiPlatform\Core\Filter\QueryParameterValidateListener::onKernelRequest".
2019-04-10T06:37:37+00:00 [debug] Notified event "kernel.request" to listener "Symfony\Component\HttpKernel\EventListener\LocaleListener::onKernelRequest".
2019-04-10T06:37:37+00:00 [debug] Notified event "kernel.request" to listener "Symfony\Bundle\SecurityBundle\Debug\TraceableFirewallListener::configureLogoutUrlGenerator".
2019-04-10T06:37:37+00:00 [debug] Notified event "kernel.request" to listener "Symfony\Bundle\SecurityBundle\Debug\TraceableFirewallListener::onKernelRequest".
2019-04-10T06:37:37+00:00 [debug] Notified event "kernel.request" to listener "ApiPlatform\Core\EventListener\AddFormatListener::onKernelRequest".
2019-04-10T06:37:37+00:00 [debug] Notified event "kernel.request" to listener "ApiPlatform\Core\EventListener\ReadListener::onKernelRequest".
2019-04-10T06:37:37+00:00 [debug] Notified event "kernel.request" to listener "ApiPlatform\Core\EventListener\DeserializeListener::onKernelRequest".
2019-04-10T06:37:37+00:00 [debug] Notified event "kernel.request" to listener "ApiPlatform\Core\Security\EventListener\DenyAccessListener::onKernelRequest".
2019-04-10T06:37:37+00:00 [debug] Notified event "kernel.request" to listener "ApiPlatform\Core\Bridge\Symfony\Bundle\EventListener\SwaggerUiListener::onKernelRequest".
2019-04-10T06:37:37+00:00 [debug] Notified event "kernel.controller" to listener "Symfony\Bundle\FrameworkBundle\DataCollector\RouterDataCollector::onKernelController".
2019-04-10T06:37:37+00:00 [debug] Notified event "kernel.controller" to listener "Symfony\Component\HttpKernel\DataCollector\RequestDataCollector::onKernelController".
2019-04-10T06:37:37+00:00 [debug] Notified event "kernel.response" to listener "ApiPlatform\Core\Hydra\EventListener\AddLinkHeaderListener::onKernelResponse".
2019-04-10T06:37:37+00:00 [debug] Notified event "kernel.response" to listener "Symfony\Component\HttpKernel\EventListener\ResponseListener::onKernelResponse".
2019-04-10T06:37:37+00:00 [debug] Notified event "kernel.response" to listener "Symfony\Component\HttpKernel\DataCollector\RequestDataCollector::onKernelResponse".
2019-04-10T06:37:37+00:00 [debug] Notified event "kernel.response" to listener "Symfony\Component\WebLink\EventListener\AddLinkHeaderListener::onKernelResponse".
2019-04-10T06:37:37+00:00 [debug] Notified event "kernel.response" to listener "Symfony\Component\Security\Http\RememberMe\ResponseListener::onKernelResponse".
2019-04-10T06:37:37+00:00 [debug] Notified event "kernel.response" to listener "ApiPlatform\Core\HttpCache\EventListener\AddHeadersListener::onKernelResponse".
2019-04-10T06:37:37+00:00 [debug] Notified event "kernel.response" to listener "Symfony\Component\HttpKernel\EventListener\ProfilerListener::onKernelResponse".
2019-04-10T06:37:37+00:00 [debug] Notified event "kernel.response" to listener "Symfony\Bundle\WebProfilerBundle\EventListener\WebDebugToolbarListener::onKernelResponse".
2019-04-10T06:37:37+00:00 [debug] Notified event "kernel.response" to listener "Symfony\Component\HttpKernel\EventListener\SessionListener::onKernelResponse".
2019-04-10T06:37:37+00:00 [debug] Notified event "kernel.response" to listener "Symfony\Component\HttpKernel\EventListener\StreamedResponseListener::onKernelResponse".
2019-04-10T06:37:37+00:00 [debug] Notified event "kernel.finish_request" to listener "Symfony\Component\HttpKernel\EventListener\LocaleListener::onKernelFinishRequest".
2019-04-10T06:37:37+00:00 [debug] Notified event "kernel.finish_request" to listener "Symfony\Component\HttpKernel\EventListener\SessionListener::onFinishRequest".
2019-04-10T06:37:37+00:00 [debug] Notified event "kernel.finish_request" to listener "Symfony\Component\HttpKernel\EventListener\RouterListener::onKernelFinishRequest".
2019-04-10T06:37:37+00:00 [debug] Notified event "kernel.finish_request" to listener "Symfony\Bundle\SecurityBundle\Debug\TraceableFirewallListener::onKernelFinishRequest".
2019-04-10T06:37:37+00:00 [debug] Notified event "kernel.exception" to listener "ApiPlatform\Core\Bridge\Symfony\Validator\EventListener\ValidationExceptionListener::onKernelException".
2019-04-10T06:37:37+00:00 [debug] Notified event "kernel.exception" to listener "Symfony\Component\HttpKernel\EventListener\ProfilerListener::onKernelException".
2019-04-10T06:37:37+00:00 [debug] Notified event "kernel.exception" to listener "Symfony\Component\HttpKernel\EventListener\ExceptionListener::logKernelException".
2019-04-10T06:37:37+00:00 [debug] Notified event "kernel.exception" to listener "Symfony\Component\HttpKernel\EventListener\RouterListener::onKernelException".
2019-04-10T06:37:37+00:00 [debug] Notified event "kernel.exception" to listener "ApiPlatform\Core\EventListener\ExceptionListener::onKernelException".
2019-04-10T06:37:37+00:00 [debug] Notified event "kernel.exception" to listener "Symfony\Component\HttpKernel\EventListener\ExceptionListener::onKernelException".
2019-04-10T06:37:37+00:00 [debug] Listener "Symfony\Component\HttpKernel\EventListener\ExceptionListener::onKernelException" stopped propagation of the event "kernel.exception".
2019-04-10T06:37:37+00:00 [debug] Listener "Symfony\Component\HttpKernel\EventListener\ExceptionListener::onKernelException" was not called for event "kernel.exception".
2019-04-10T06:37:37+00:00 [debug] Notified event "kernel.response" to listener "ApiPlatform\Core\Hydra\EventListener\AddLinkHeaderListener::onKernelResponse".
2019-04-10T06:37:37+00:00 [debug] Notified event "kernel.response" to listener "Symfony\Component\HttpKernel\EventListener\ResponseListener::onKernelResponse".
2019-04-10T06:37:37+00:00 [debug] Notified event "kernel.response" to listener "Symfony\Component\HttpKernel\DataCollector\RequestDataCollector::onKernelResponse".
2019-04-10T06:37:37+00:00 [debug] Notified event "kernel.response" to listener "Symfony\Component\WebLink\EventListener\AddLinkHeaderListener::onKernelResponse".
2019-04-10T06:37:37+00:00 [debug] Notified event "kernel.response" to listener "Symfony\Component\Security\Http\RememberMe\ResponseListener::onKernelResponse".
2019-04-10T06:37:37+00:00 [debug] Notified event "kernel.response" to listener "ApiPlatform\Core\HttpCache\EventListener\AddHeadersListener::onKernelResponse".
2019-04-10T06:37:37+00:00 [debug] Notified event "kernel.response" to listener "Symfony\Component\HttpKernel\EventListener\ProfilerListener::onKernelResponse".
2019-04-10T06:37:37+00:00 [debug] Notified event "kernel.response" to listener "Symfony\Bundle\WebProfilerBundle\EventListener\WebDebugToolbarListener::onKernelResponse".
2019-04-10T06:37:37+00:00 [debug] Notified event "kernel.response" to listener "Symfony\Component\HttpKernel\EventListener\SessionListener::onKernelResponse".
2019-04-10T06:37:37+00:00 [debug] Notified event "kernel.response" to listener "Symfony\Component\HttpKernel\EventListener\StreamedResponseListener::onKernelResponse".
2019-04-10T06:37:37+00:00 [debug] Notified event "kernel.finish_request" to listener "Symfony\Component\HttpKernel\EventListener\LocaleListener::onKernelFinishRequest".
2019-04-10T06:37:37+00:00 [debug] Notified event "kernel.finish_request" to listener "Symfony\Component\HttpKernel\EventListener\SessionListener::onFinishRequest".
2019-04-10T06:37:37+00:00 [debug] Notified event "kernel.finish_request" to listener "Symfony\Component\HttpKernel\EventListener\RouterListener::onKernelFinishRequest".
2019-04-10T06:37:37+00:00 [debug] Notified event "kernel.finish_request" to listener "Symfony\Bundle\SecurityBundle\Debug\TraceableFirewallListener::onKernelFinishRequest".
2019-04-10T06:37:37+00:00 [debug] Notified event "kernel.terminate" to listener "Symfony\Component\HttpKernel\EventListener\ProfilerListener::onKernelTerminate".
2019-04-10T06:37:37+00:00 [info] User Deprecated: Option "generator_base_class" given to router Symfony\Bundle\FrameworkBundle\Routing\Router is deprecated since Symfony 4.3.
2019-04-10T06:37:37+00:00 [info] User Deprecated: Option "generator_cache_class" given to router Symfony\Bundle\FrameworkBundle\Routing\Router is deprecated since Symfony 4.3.
2019-04-10T06:37:37+00:00 [info] User Deprecated: Option "matcher_base_class" given to router Symfony\Bundle\FrameworkBundle\Routing\Router is deprecated since Symfony 4.3.
2019-04-10T06:37:37+00:00 [info] User Deprecated: Option "matcher_cache_class" given to router Symfony\Bundle\FrameworkBundle\Routing\Router is deprecated since Symfony 4.3.
2019-04-10T06:37:37+00:00 [debug] Notified event "kernel.request" to listener "Symfony\Component\HttpKernel\EventListener\DebugHandlersListener::configure".
2019-04-10T06:37:37+00:00 [debug] Notified event "kernel.request" to listener "Symfony\Component\HttpKernel\EventListener\ValidateRequestListener::onKernelRequest".
2019-04-10T06:37:37+00:00 [info] User Deprecated: Passing a "Symfony\Component\HttpFoundation\RequestStack" instance as the first argument to the "Symfony\Bridge\Twig\Extension\HttpFoundationExtension" constructor is deprecated since Symfony 4.3, pass a "Symfony\Component\HttpFoundation\UrlHelper" instance instead.
2019-04-10T06:37:37+00:00 [error] Uncaught PHP Exception Symfony\Component\HttpKernel\Exception\BadRequestHttpException: "Untrusted Host "service-booking.local"." at /var/www/html/vendor/symfony/http-kernel/HttpKernel.php line 71
2019-04-10T06:37:37+00:00 [debug] Notified event "kernel.request" to listener "Symfony\Component\HttpKernel\EventListener\DebugHandlersListener::configure".
2019-04-10T06:37:37+00:00 [debug] Notified event "kernel.request" to listener "Symfony\Component\HttpKernel\EventListener\ValidateRequestListener::onKernelRequest".
2019-04-10T06:37:37+00:00 [debug] Notified event "kernel.request" to listener "Nelmio\CorsBundle\EventListener\CorsListener::onKernelRequest".
2019-04-10T06:37:37+00:00 [debug] Notified event "kernel.request" to listener "Symfony\Component\HttpKernel\EventListener\SessionListener::onKernelRequest".
2019-04-10T06:37:37+00:00 [debug] Notified event "kernel.request" to listener "Symfony\Component\HttpKernel\EventListener\LocaleListener::setDefaultLocale".
2019-04-10T06:37:37+00:00 [debug] Notified event "kernel.request" to listener "Symfony\Component\HttpKernel\EventListener\RouterListener::onKernelRequest".
2019-04-10T06:37:37+00:00 [debug] Notified event "kernel.request" to listener "Symfony\Bundle\FrameworkBundle\EventListener\ResolveControllerNameSubscriber::onKernelRequest".
2019-04-10T06:37:37+00:00 [debug] Notified event "kernel.request" to listener "ApiPlatform\Core\Filter\QueryParameterValidateListener::onKernelRequest".
2019-04-10T06:37:37+00:00 [debug] Notified event "kernel.request" to listener "Symfony\Component\HttpKernel\EventListener\LocaleListener::onKernelRequest".
2019-04-10T06:37:37+00:00 [debug] Notified event "kernel.request" to listener "Symfony\Bundle\SecurityBundle\Debug\TraceableFirewallListener::configureLogoutUrlGenerator".
2019-04-10T06:37:37+00:00 [debug] Notified event "kernel.request" to listener "Symfony\Bundle\SecurityBundle\Debug\TraceableFirewallListener::onKernelRequest".
2019-04-10T06:37:37+00:00 [debug] Notified event "kernel.request" to listener "ApiPlatform\Core\EventListener\AddFormatListener::onKernelRequest".
2019-04-10T06:37:37+00:00 [debug] Notified event "kernel.request" to listener "ApiPlatform\Core\EventListener\ReadListener::onKernelRequest".
2019-04-10T06:37:37+00:00 [debug] Notified event "kernel.request" to listener "ApiPlatform\Core\EventListener\DeserializeListener::onKernelRequest".
2019-04-10T06:37:37+00:00 [debug] Notified event "kernel.request" to listener "ApiPlatform\Core\Security\EventListener\DenyAccessListener::onKernelRequest".
2019-04-10T06:37:37+00:00 [debug] Notified event "kernel.request" to listener "ApiPlatform\Core\Bridge\Symfony\Bundle\EventListener\SwaggerUiListener::onKernelRequest".
2019-04-10T06:37:37+00:00 [debug] Notified event "kernel.controller" to listener "Symfony\Bundle\FrameworkBundle\DataCollector\RouterDataCollector::onKernelController".
2019-04-10T06:37:37+00:00 [debug] Notified event "kernel.controller" to listener "Symfony\Component\HttpKernel\DataCollector\RequestDataCollector::onKernelController".
2019-04-10T06:37:37+00:00 [debug] Notified event "kernel.response" to listener "ApiPlatform\Core\Hydra\EventListener\AddLinkHeaderListener::onKernelResponse".
2019-04-10T06:37:37+00:00 [debug] Notified event "kernel.response" to listener "Symfony\Component\HttpKernel\EventListener\ResponseListener::onKernelResponse".
2019-04-10T06:37:37+00:00 [debug] Notified event "kernel.response" to listener "Symfony\Component\HttpKernel\DataCollector\RequestDataCollector::onKernelResponse".
2019-04-10T06:37:37+00:00 [debug] Notified event "kernel.response" to listener "Symfony\Component\WebLink\EventListener\AddLinkHeaderListener::onKernelResponse".
2019-04-10T06:37:37+00:00 [debug] Notified event "kernel.response" to listener "Symfony\Component\Security\Http\RememberMe\ResponseListener::onKernelResponse".
2019-04-10T06:37:37+00:00 [debug] Notified event "kernel.response" to listener "ApiPlatform\Core\HttpCache\EventListener\AddHeadersListener::onKernelResponse".
2019-04-10T06:37:37+00:00 [debug] Notified event "kernel.response" to listener "Symfony\Component\HttpKernel\EventListener\ProfilerListener::onKernelResponse".
2019-04-10T06:37:37+00:00 [debug] Notified event "kernel.response" to listener "Symfony\Bundle\WebProfilerBundle\EventListener\WebDebugToolbarListener::onKernelResponse".
2019-04-10T06:37:37+00:00 [debug] Notified event "kernel.response" to listener "Symfony\Component\HttpKernel\EventListener\SessionListener::onKernelResponse".
2019-04-10T06:37:37+00:00 [debug] Notified event "kernel.response" to listener "Symfony\Component\HttpKernel\EventListener\StreamedResponseListener::onKernelResponse".
2019-04-10T06:37:37+00:00 [debug] Notified event "kernel.finish_request" to listener "Symfony\Component\HttpKernel\EventListener\LocaleListener::onKernelFinishRequest".
2019-04-10T06:37:37+00:00 [debug] Notified event "kernel.finish_request" to listener "Symfony\Component\HttpKernel\EventListener\SessionListener::onFinishRequest".
2019-04-10T06:37:37+00:00 [debug] Notified event "kernel.finish_request" to listener "Symfony\Component\HttpKernel\EventListener\RouterListener::onKernelFinishRequest".
2019-04-10T06:37:37+00:00 [debug] Notified event "kernel.finish_request" to listener "Symfony\Bundle\SecurityBundle\Debug\TraceableFirewallListener::onKernelFinishRequest".
2019-04-10T06:37:37+00:00 [debug] Notified event "kernel.exception" to listener "ApiPlatform\Core\Bridge\Symfony\Validator\EventListener\ValidationExceptionListener::onKernelException".
2019-04-10T06:37:37+00:00 [debug] Notified event "kernel.exception" to listener "Symfony\Component\HttpKernel\EventListener\ProfilerListener::onKernelException".
2019-04-10T06:37:37+00:00 [debug] Notified event "kernel.exception" to listener "Symfony\Component\HttpKernel\EventListener\ExceptionListener::logKernelException".
2019-04-10T06:37:37+00:00 [debug] Notified event "kernel.exception" to listener "Symfony\Component\HttpKernel\EventListener\RouterListener::onKernelException".
2019-04-10T06:37:37+00:00 [debug] Notified event "kernel.exception" to listener "ApiPlatform\Core\EventListener\ExceptionListener::onKernelException".
2019-04-10T06:37:37+00:00 [debug] Notified event "kernel.exception" to listener "Symfony\Component\HttpKernel\EventListener\ExceptionListener::onKernelException".
2019-04-10T06:37:37+00:00 [debug] Listener "Symfony\Component\HttpKernel\EventListener\ExceptionListener::onKernelException" stopped propagation of the event "kernel.exception".
2019-04-10T06:37:37+00:00 [debug] Listener "Symfony\Component\HttpKernel\EventListener\ExceptionListener::onKernelException" was not called for event "kernel.exception".
2019-04-10T06:37:37+00:00 [debug] Notified event "kernel.response" to listener "ApiPlatform\Core\Hydra\EventListener\AddLinkHeaderListener::onKernelResponse".
2019-04-10T06:37:37+00:00 [debug] Notified event "kernel.response" to listener "Symfony\Component\HttpKernel\EventListener\ResponseListener::onKernelResponse".
2019-04-10T06:37:37+00:00 [debug] Notified event "kernel.response" to listener "Symfony\Component\HttpKernel\DataCollector\RequestDataCollector::onKernelResponse".
2019-04-10T06:37:37+00:00 [debug] Notified event "kernel.response" to listener "Symfony\Component\WebLink\EventListener\AddLinkHeaderListener::onKernelResponse".
2019-04-10T06:37:37+00:00 [debug] Notified event "kernel.response" to listener "Symfony\Component\Security\Http\RememberMe\ResponseListener::onKernelResponse".
2019-04-10T06:37:37+00:00 [debug] Notified event "kernel.response" to listener "ApiPlatform\Core\HttpCache\EventListener\AddHeadersListener::onKernelResponse".
2019-04-10T06:37:37+00:00 [debug] Notified event "kernel.response" to listener "Symfony\Component\HttpKernel\EventListener\ProfilerListener::onKernelResponse".
2019-04-10T06:37:37+00:00 [debug] Notified event "kernel.response" to listener "Symfony\Bundle\WebProfilerBundle\EventListener\WebDebugToolbarListener::onKernelResponse".
2019-04-10T06:37:37+00:00 [debug] Notified event "kernel.response" to listener "Symfony\Component\HttpKernel\EventListener\SessionListener::onKernelResponse".
2019-04-10T06:37:37+00:00 [debug] Notified event "kernel.response" to listener "Symfony\Component\HttpKernel\EventListener\StreamedResponseListener::onKernelResponse".
2019-04-10T06:37:37+00:00 [debug] Notified event "kernel.finish_request" to listener "Symfony\Component\HttpKernel\EventListener\LocaleListener::onKernelFinishRequest".
2019-04-10T06:37:37+00:00 [debug] Notified event "kernel.finish_request" to listener "Symfony\Component\HttpKernel\EventListener\SessionListener::onFinishRequest".
2019-04-10T06:37:37+00:00 [debug] Notified event "kernel.finish_request" to listener "Symfony\Component\HttpKernel\EventListener\RouterListener::onKernelFinishRequest".
2019-04-10T06:37:37+00:00 [debug] Notified event "kernel.finish_request" to listener "Symfony\Bundle\SecurityBundle\Debug\TraceableFirewallListener::onKernelFinishRequest".
2019-04-10T06:37:37+00:00 [debug] Notified event "kernel.terminate" to listener "Symfony\Component\HttpKernel\EventListener\ProfilerListener::onKernelTerminate".
2019-04-10T06:39:51+00:00 [info] User Deprecated: Option "generator_base_class" given to router Symfony\Bundle\FrameworkBundle\Routing\Router is deprecated since Symfony 4.3.
2019-04-10T06:39:51+00:00 [info] User Deprecated: Option "generator_cache_class" given to router Symfony\Bundle\FrameworkBundle\Routing\Router is deprecated since Symfony 4.3.
2019-04-10T06:39:51+00:00 [info] User Deprecated: Option "matcher_base_class" given to router Symfony\Bundle\FrameworkBundle\Routing\Router is deprecated since Symfony 4.3.
2019-04-10T06:39:51+00:00 [info] User Deprecated: Option "matcher_cache_class" given to router Symfony\Bundle\FrameworkBundle\Routing\Router is deprecated since Symfony 4.3.
2019-04-10T06:39:51+00:00 [debug] Notified event "kernel.request" to listener "Symfony\Component\HttpKernel\EventListener\DebugHandlersListener::configure".
2019-04-10T06:39:51+00:00 [debug] Notified event "kernel.request" to listener "Symfony\Component\HttpKernel\EventListener\ValidateRequestListener::onKernelRequest".
2019-04-10T06:39:51+00:00 [info] User Deprecated: Passing a "Symfony\Component\HttpFoundation\RequestStack" instance as the first argument to the "Symfony\Bridge\Twig\Extension\HttpFoundationExtension" constructor is deprecated since Symfony 4.3, pass a "Symfony\Component\HttpFoundation\UrlHelper" instance instead.
2019-04-10T06:39:51+00:00 [error] Uncaught PHP Exception Symfony\Component\HttpKernel\Exception\BadRequestHttpException: "Untrusted Host "service-booking.local"." at /var/www/html/vendor/symfony/http-kernel/HttpKernel.php line 71
2019-04-10T06:39:51+00:00 [debug] Notified event "kernel.request" to listener "Symfony\Component\HttpKernel\EventListener\DebugHandlersListener::configure".
2019-04-10T06:39:51+00:00 [debug] Notified event "kernel.request" to listener "Symfony\Component\HttpKernel\EventListener\ValidateRequestListener::onKernelRequest".
2019-04-10T06:39:51+00:00 [debug] Notified event "kernel.request" to listener "Nelmio\CorsBundle\EventListener\CorsListener::onKernelRequest".
2019-04-10T06:39:51+00:00 [debug] Notified event "kernel.request" to listener "Symfony\Component\HttpKernel\EventListener\SessionListener::onKernelRequest".
2019-04-10T06:39:51+00:00 [debug] Notified event "kernel.request" to listener "Symfony\Component\HttpKernel\EventListener\LocaleListener::setDefaultLocale".
2019-04-10T06:39:51+00:00 [debug] Notified event "kernel.request" to listener "Symfony\Component\HttpKernel\EventListener\RouterListener::onKernelRequest".
2019-04-10T06:39:51+00:00 [debug] Notified event "kernel.request" to listener "Symfony\Bundle\FrameworkBundle\EventListener\ResolveControllerNameSubscriber::onKernelRequest".
2019-04-10T06:39:51+00:00 [debug] Notified event "kernel.request" to listener "ApiPlatform\Core\Filter\QueryParameterValidateListener::onKernelRequest".
2019-04-10T06:39:51+00:00 [debug] Notified event "kernel.request" to listener "Symfony\Component\HttpKernel\EventListener\LocaleListener::onKernelRequest".
2019-04-10T06:39:51+00:00 [debug] Notified event "kernel.request" to listener "Symfony\Bundle\SecurityBundle\Debug\TraceableFirewallListener::configureLogoutUrlGenerator".
2019-04-10T06:39:51+00:00 [debug] Notified event "kernel.request" to listener "Symfony\Bundle\SecurityBundle\Debug\TraceableFirewallListener::onKernelRequest".
2019-04-10T06:39:51+00:00 [debug] Notified event "kernel.request" to listener "ApiPlatform\Core\EventListener\AddFormatListener::onKernelRequest".
2019-04-10T06:39:51+00:00 [debug] Notified event "kernel.request" to listener "ApiPlatform\Core\EventListener\ReadListener::onKernelRequest".
2019-04-10T06:39:51+00:00 [debug] Notified event "kernel.request" to listener "ApiPlatform\Core\EventListener\DeserializeListener::onKernelRequest".
2019-04-10T06:39:51+00:00 [debug] Notified event "kernel.request" to listener "ApiPlatform\Core\Security\EventListener\DenyAccessListener::onKernelRequest".
2019-04-10T06:39:51+00:00 [debug] Notified event "kernel.request" to listener "ApiPlatform\Core\Bridge\Symfony\Bundle\EventListener\SwaggerUiListener::onKernelRequest".
2019-04-10T06:39:51+00:00 [debug] Notified event "kernel.controller" to listener "Symfony\Bundle\FrameworkBundle\DataCollector\RouterDataCollector::onKernelController".
2019-04-10T06:39:51+00:00 [debug] Notified event "kernel.controller" to listener "Symfony\Component\HttpKernel\DataCollector\RequestDataCollector::onKernelController".
2019-04-10T06:39:51+00:00 [debug] Notified event "kernel.response" to listener "ApiPlatform\Core\Hydra\EventListener\AddLinkHeaderListener::onKernelResponse".
2019-04-10T06:39:51+00:00 [debug] Notified event "kernel.response" to listener "Symfony\Component\HttpKernel\EventListener\ResponseListener::onKernelResponse".
2019-04-10T06:39:51+00:00 [debug] Notified event "kernel.response" to listener "Symfony\Component\HttpKernel\DataCollector\RequestDataCollector::onKernelResponse".
2019-04-10T06:39:51+00:00 [debug] Notified event "kernel.response" to listener "Symfony\Component\WebLink\EventListener\AddLinkHeaderListener::onKernelResponse".
2019-04-10T06:39:51+00:00 [debug] Notified event "kernel.response" to listener "Symfony\Component\Security\Http\RememberMe\ResponseListener::onKernelResponse".
2019-04-10T06:39:51+00:00 [debug] Notified event "kernel.response" to listener "ApiPlatform\Core\HttpCache\EventListener\AddHeadersListener::onKernelResponse".
2019-04-10T06:39:51+00:00 [debug] Notified event "kernel.response" to listener "Symfony\Component\HttpKernel\EventListener\ProfilerListener::onKernelResponse".
2019-04-10T06:39:51+00:00 [debug] Notified event "kernel.response" to listener "Symfony\Bundle\WebProfilerBundle\EventListener\WebDebugToolbarListener::onKernelResponse".
2019-04-10T06:39:51+00:00 [debug] Notified event "kernel.response" to listener "Symfony\Component\HttpKernel\EventListener\SessionListener::onKernelResponse".
2019-04-10T06:39:51+00:00 [debug] Notified event "kernel.response" to listener "Symfony\Component\HttpKernel\EventListener\StreamedResponseListener::onKernelResponse".
2019-04-10T06:39:51+00:00 [debug] Notified event "kernel.finish_request" to listener "Symfony\Component\HttpKernel\EventListener\LocaleListener::onKernelFinishRequest".
2019-04-10T06:39:51+00:00 [debug] Notified event "kernel.finish_request" to listener "Symfony\Component\HttpKernel\EventListener\SessionListener::onFinishRequest".
2019-04-10T06:39:51+00:00 [debug] Notified event "kernel.finish_request" to listener "Symfony\Component\HttpKernel\EventListener\RouterListener::onKernelFinishRequest".
2019-04-10T06:39:51+00:00 [debug] Notified event "kernel.finish_request" to listener "Symfony\Bundle\SecurityBundle\Debug\TraceableFirewallListener::onKernelFinishRequest".
2019-04-10T06:39:51+00:00 [debug] Notified event "kernel.exception" to listener "ApiPlatform\Core\Bridge\Symfony\Validator\EventListener\ValidationExceptionListener::onKernelException".
2019-04-10T06:39:51+00:00 [debug] Notified event "kernel.exception" to listener "Symfony\Component\HttpKernel\EventListener\ProfilerListener::onKernelException".
2019-04-10T06:39:51+00:00 [debug] Notified event "kernel.exception" to listener "Symfony\Component\HttpKernel\EventListener\ExceptionListener::logKernelException".
2019-04-10T06:39:51+00:00 [debug] Notified event "kernel.exception" to listener "Symfony\Component\HttpKernel\EventListener\RouterListener::onKernelException".
2019-04-10T06:39:51+00:00 [debug] Notified event "kernel.exception" to listener "ApiPlatform\Core\EventListener\ExceptionListener::onKernelException".
2019-04-10T06:39:51+00:00 [debug] Notified event "kernel.exception" to listener "Symfony\Component\HttpKernel\EventListener\ExceptionListener::onKernelException".
2019-04-10T06:39:51+00:00 [debug] Listener "Symfony\Component\HttpKernel\EventListener\ExceptionListener::onKernelException" stopped propagation of the event "kernel.exception".
2019-04-10T06:39:51+00:00 [debug] Listener "Symfony\Component\HttpKernel\EventListener\ExceptionListener::onKernelException" was not called for event "kernel.exception".
2019-04-10T06:39:51+00:00 [debug] Notified event "kernel.response" to listener "ApiPlatform\Core\Hydra\EventListener\AddLinkHeaderListener::onKernelResponse".
2019-04-10T06:39:51+00:00 [debug] Notified event "kernel.response" to listener "Symfony\Component\HttpKernel\EventListener\ResponseListener::onKernelResponse".
2019-04-10T06:39:51+00:00 [debug] Notified event "kernel.response" to listener "Symfony\Component\HttpKernel\DataCollector\RequestDataCollector::onKernelResponse".
2019-04-10T06:39:51+00:00 [debug] Notified event "kernel.response" to listener "Symfony\Component\WebLink\EventListener\AddLinkHeaderListener::onKernelResponse".
2019-04-10T06:39:51+00:00 [debug] Notified event "kernel.response" to listener "Symfony\Component\Security\Http\RememberMe\ResponseListener::onKernelResponse".
2019-04-10T06:39:51+00:00 [debug] Notified event "kernel.response" to listener "ApiPlatform\Core\HttpCache\EventListener\AddHeadersListener::onKernelResponse".
2019-04-10T06:39:51+00:00 [debug] Notified event "kernel.response" to listener "Symfony\Component\HttpKernel\EventListener\ProfilerListener::onKernelResponse".
2019-04-10T06:39:51+00:00 [debug] Notified event "kernel.response" to listener "Symfony\Bundle\WebProfilerBundle\EventListener\WebDebugToolbarListener::onKernelResponse".
2019-04-10T06:39:51+00:00 [debug] Notified event "kernel.response" to listener "Symfony\Component\HttpKernel\EventListener\SessionListener::onKernelResponse".
2019-04-10T06:39:51+00:00 [debug] Notified event "kernel.response" to listener "Symfony\Component\HttpKernel\EventListener\StreamedResponseListener::onKernelResponse".
2019-04-10T06:39:51+00:00 [debug] Notified event "kernel.finish_request" to listener "Symfony\Component\HttpKernel\EventListener\LocaleListener::onKernelFinishRequest".
2019-04-10T06:39:51+00:00 [debug] Notified event "kernel.finish_request" to listener "Symfony\Component\HttpKernel\EventListener\SessionListener::onFinishRequest".
2019-04-10T06:39:51+00:00 [debug] Notified event "kernel.finish_request" to listener "Symfony\Component\HttpKernel\EventListener\RouterListener::onKernelFinishRequest".
2019-04-10T06:39:51+00:00 [debug] Notified event "kernel.finish_request" to listener "Symfony\Bundle\SecurityBundle\Debug\TraceableFirewallListener::onKernelFinishRequest".
2019-04-10T06:39:51+00:00 [debug] Notified event "kernel.terminate" to listener "Symfony\Component\HttpKernel\EventListener\ProfilerListener::onKernelTerminate".
2019-04-10T06:39:51+00:00 [info] User Deprecated: Option "generator_base_class" given to router Symfony\Bundle\FrameworkBundle\Routing\Router is deprecated since Symfony 4.3.
2019-04-10T06:39:51+00:00 [info] User Deprecated: Option "generator_cache_class" given to router Symfony\Bundle\FrameworkBundle\Routing\Router is deprecated since Symfony 4.3.
2019-04-10T06:39:51+00:00 [info] User Deprecated: Option "matcher_base_class" given to router Symfony\Bundle\FrameworkBundle\Routing\Router is deprecated since Symfony 4.3.
2019-04-10T06:39:51+00:00 [info] User Deprecated: Option "matcher_cache_class" given to router Symfony\Bundle\FrameworkBundle\Routing\Router is deprecated since Symfony 4.3.
2019-04-10T06:39:51+00:00 [debug] Notified event "kernel.request" to listener "Symfony\Component\HttpKernel\EventListener\DebugHandlersListener::configure".
2019-04-10T06:39:51+00:00 [debug] Notified event "kernel.request" to listener "Symfony\Component\HttpKernel\EventListener\ValidateRequestListener::onKernelRequest".
2019-04-10T06:39:51+00:00 [info] User Deprecated: Passing a "Symfony\Component\HttpFoundation\RequestStack" instance as the first argument to the "Symfony\Bridge\Twig\Extension\HttpFoundationExtension" constructor is deprecated since Symfony 4.3, pass a "Symfony\Component\HttpFoundation\UrlHelper" instance instead.
2019-04-10T06:39:51+00:00 [error] Uncaught PHP Exception Symfony\Component\HttpKernel\Exception\BadRequestHttpException: "Untrusted Host "service-booking.local"." at /var/www/html/vendor/symfony/http-kernel/HttpKernel.php line 71
2019-04-10T06:39:51+00:00 [debug] Notified event "kernel.request" to listener "Symfony\Component\HttpKernel\EventListener\DebugHandlersListener::configure".
2019-04-10T06:39:51+00:00 [debug] Notified event "kernel.request" to listener "Symfony\Component\HttpKernel\EventListener\ValidateRequestListener::onKernelRequest".
2019-04-10T06:39:51+00:00 [debug] Notified event "kernel.request" to listener "Nelmio\CorsBundle\EventListener\CorsListener::onKernelRequest".
2019-04-10T06:39:51+00:00 [debug] Notified event "kernel.request" to listener "Symfony\Component\HttpKernel\EventListener\SessionListener::onKernelRequest".
2019-04-10T06:39:51+00:00 [debug] Notified event "kernel.request" to listener "Symfony\Component\HttpKernel\EventListener\LocaleListener::setDefaultLocale".
2019-04-10T06:39:51+00:00 [debug] Notified event "kernel.request" to listener "Symfony\Component\HttpKernel\EventListener\RouterListener::onKernelRequest".
2019-04-10T06:39:51+00:00 [debug] Notified event "kernel.request" to listener "Symfony\Bundle\FrameworkBundle\EventListener\ResolveControllerNameSubscriber::onKernelRequest".
2019-04-10T06:39:51+00:00 [debug] Notified event "kernel.request" to listener "ApiPlatform\Core\Filter\QueryParameterValidateListener::onKernelRequest".
2019-04-10T06:39:51+00:00 [debug] Notified event "kernel.request" to listener "Symfony\Component\HttpKernel\EventListener\LocaleListener::onKernelRequest".
2019-04-10T06:39:51+00:00 [debug] Notified event "kernel.request" to listener "Symfony\Bundle\SecurityBundle\Debug\TraceableFirewallListener::configureLogoutUrlGenerator".
2019-04-10T06:39:51+00:00 [debug] Notified event "kernel.request" to listener "Symfony\Bundle\SecurityBundle\Debug\TraceableFirewallListener::onKernelRequest".
2019-04-10T06:39:51+00:00 [debug] Notified event "kernel.request" to listener "ApiPlatform\Core\EventListener\AddFormatListener::onKernelRequest".
2019-04-10T06:39:51+00:00 [debug] Notified event "kernel.request" to listener "ApiPlatform\Core\EventListener\ReadListener::onKernelRequest".
2019-04-10T06:39:51+00:00 [debug] Notified event "kernel.request" to listener "ApiPlatform\Core\EventListener\DeserializeListener::onKernelRequest".
2019-04-10T06:39:51+00:00 [debug] Notified event "kernel.request" to listener "ApiPlatform\Core\Security\EventListener\DenyAccessListener::onKernelRequest".
2019-04-10T06:39:51+00:00 [debug] Notified event "kernel.request" to listener "ApiPlatform\Core\Bridge\Symfony\Bundle\EventListener\SwaggerUiListener::onKernelRequest".
2019-04-10T06:39:51+00:00 [debug] Notified event "kernel.controller" to listener "Symfony\Bundle\FrameworkBundle\DataCollector\RouterDataCollector::onKernelController".
2019-04-10T06:39:51+00:00 [debug] Notified event "kernel.controller" to listener "Symfony\Component\HttpKernel\DataCollector\RequestDataCollector::onKernelController".
2019-04-10T06:39:51+00:00 [debug] Notified event "kernel.response" to listener "ApiPlatform\Core\Hydra\EventListener\AddLinkHeaderListener::onKernelResponse".
2019-04-10T06:39:51+00:00 [debug] Notified event "kernel.response" to listener "Symfony\Component\HttpKernel\EventListener\ResponseListener::onKernelResponse".
2019-04-10T06:39:51+00:00 [debug] Notified event "kernel.response" to listener "Symfony\Component\HttpKernel\DataCollector\RequestDataCollector::onKernelResponse".
2019-04-10T06:39:51+00:00 [debug] Notified event "kernel.response" to listener "Symfony\Component\WebLink\EventListener\AddLinkHeaderListener::onKernelResponse".
2019-04-10T06:39:51+00:00 [debug] Notified event "kernel.response" to listener "Symfony\Component\Security\Http\RememberMe\ResponseListener::onKernelResponse".
2019-04-10T06:39:51+00:00 [debug] Notified event "kernel.response" to listener "ApiPlatform\Core\HttpCache\EventListener\AddHeadersListener::onKernelResponse".
2019-04-10T06:39:51+00:00 [debug] Notified event "kernel.response" to listener "Symfony\Component\HttpKernel\EventListener\ProfilerListener::onKernelResponse".
2019-04-10T06:39:51+00:00 [debug] Notified event "kernel.response" to listener "Symfony\Bundle\WebProfilerBundle\EventListener\WebDebugToolbarListener::onKernelResponse".
2019-04-10T06:39:51+00:00 [debug] Notified event "kernel.response" to listener "Symfony\Component\HttpKernel\EventListener\SessionListener::onKernelResponse".
2019-04-10T06:39:51+00:00 [debug] Notified event "kernel.response" to listener "Symfony\Component\HttpKernel\EventListener\StreamedResponseListener::onKernelResponse".
2019-04-10T06:39:51+00:00 [debug] Notified event "kernel.finish_request" to listener "Symfony\Component\HttpKernel\EventListener\LocaleListener::onKernelFinishRequest".
2019-04-10T06:39:51+00:00 [debug] Notified event "kernel.finish_request" to listener "Symfony\Component\HttpKernel\EventListener\SessionListener::onFinishRequest".
2019-04-10T06:39:51+00:00 [debug] Notified event "kernel.finish_request" to listener "Symfony\Component\HttpKernel\EventListener\RouterListener::onKernelFinishRequest".
2019-04-10T06:39:51+00:00 [debug] Notified event "kernel.finish_request" to listener "Symfony\Bundle\SecurityBundle\Debug\TraceableFirewallListener::onKernelFinishRequest".
2019-04-10T06:39:51+00:00 [debug] Notified event "kernel.exception" to listener "ApiPlatform\Core\Bridge\Symfony\Validator\EventListener\ValidationExceptionListener::onKernelException".
2019-04-10T06:39:51+00:00 [debug] Notified event "kernel.exception" to listener "Symfony\Component\HttpKernel\EventListener\ProfilerListener::onKernelException".
2019-04-10T06:39:51+00:00 [debug] Notified event "kernel.exception" to listener "Symfony\Component\HttpKernel\EventListener\ExceptionListener::logKernelException".
2019-04-10T06:39:51+00:00 [debug] Notified event "kernel.exception" to listener "Symfony\Component\HttpKernel\EventListener\RouterListener::onKernelException".
2019-04-10T06:39:51+00:00 [debug] Notified event "kernel.exception" to listener "ApiPlatform\Core\EventListener\ExceptionListener::onKernelException".
2019-04-10T06:39:51+00:00 [debug] Notified event "kernel.exception" to listener "Symfony\Component\HttpKernel\EventListener\ExceptionListener::onKernelException".
2019-04-10T06:39:51+00:00 [debug] Listener "Symfony\Component\HttpKernel\EventListener\ExceptionListener::onKernelException" stopped propagation of the event "kernel.exception".
2019-04-10T06:39:51+00:00 [debug] Listener "Symfony\Component\HttpKernel\EventListener\ExceptionListener::onKernelException" was not called for event "kernel.exception".
2019-04-10T06:39:51+00:00 [debug] Notified event "kernel.response" to listener "ApiPlatform\Core\Hydra\EventListener\AddLinkHeaderListener::onKernelResponse".
2019-04-10T06:39:51+00:00 [debug] Notified event "kernel.response" to listener "Symfony\Component\HttpKernel\EventListener\ResponseListener::onKernelResponse".
2019-04-10T06:39:51+00:00 [debug] Notified event "kernel.response" to listener "Symfony\Component\HttpKernel\DataCollector\RequestDataCollector::onKernelResponse".
2019-04-10T06:39:51+00:00 [debug] Notified event "kernel.response" to listener "Symfony\Component\WebLink\EventListener\AddLinkHeaderListener::onKernelResponse".
2019-04-10T06:39:51+00:00 [debug] Notified event "kernel.response" to listener "Symfony\Component\Security\Http\RememberMe\ResponseListener::onKernelResponse".
2019-04-10T06:39:51+00:00 [debug] Notified event "kernel.response" to listener "ApiPlatform\Core\HttpCache\EventListener\AddHeadersListener::onKernelResponse".
2019-04-10T06:39:51+00:00 [debug] Notified event "kernel.response" to listener "Symfony\Component\HttpKernel\EventListener\ProfilerListener::onKernelResponse".
2019-04-10T06:39:51+00:00 [debug] Notified event "kernel.response" to listener "Symfony\Bundle\WebProfilerBundle\EventListener\WebDebugToolbarListener::onKernelResponse".
2019-04-10T06:39:51+00:00 [debug] Notified event "kernel.response" to listener "Symfony\Component\HttpKernel\EventListener\SessionListener::onKernelResponse".
2019-04-10T06:39:51+00:00 [debug] Notified event "kernel.response" to listener "Symfony\Component\HttpKernel\EventListener\StreamedResponseListener::onKernelResponse".
2019-04-10T06:39:51+00:00 [debug] Notified event "kernel.finish_request" to listener "Symfony\Component\HttpKernel\EventListener\LocaleListener::onKernelFinishRequest".
2019-04-10T06:39:51+00:00 [debug] Notified event "kernel.finish_request" to listener "Symfony\Component\HttpKernel\EventListener\SessionListener::onFinishRequest".
2019-04-10T06:39:51+00:00 [debug] Notified event "kernel.finish_request" to listener "Symfony\Component\HttpKernel\EventListener\RouterListener::onKernelFinishRequest".
2019-04-10T06:39:51+00:00 [debug] Notified event "kernel.finish_request" to listener "Symfony\Bundle\SecurityBundle\Debug\TraceableFirewallListener::onKernelFinishRequest".
2019-04-10T06:39:51+00:00 [debug] Notified event "kernel.terminate" to listener "Symfony\Component\HttpKernel\EventListener\ProfilerListener::onKernelTerminate".
2019-04-10T06:40:16+00:00 [info] User Deprecated: Option "generator_base_class" given to router Symfony\Bundle\FrameworkBundle\Routing\Router is deprecated since Symfony 4.3.
2019-04-10T06:40:16+00:00 [info] User Deprecated: Option "generator_cache_class" given to router Symfony\Bundle\FrameworkBundle\Routing\Router is deprecated since Symfony 4.3.
2019-04-10T06:40:16+00:00 [info] User Deprecated: Option "matcher_base_class" given to router Symfony\Bundle\FrameworkBundle\Routing\Router is deprecated since Symfony 4.3.
2019-04-10T06:40:16+00:00 [info] User Deprecated: Option "matcher_cache_class" given to router Symfony\Bundle\FrameworkBundle\Routing\Router is deprecated since Symfony 4.3.
2019-04-10T06:40:16+00:00 [debug] Warning: filemtime(): stat failed for /var/www/config/routes/annotations.yaml
2019-04-10T06:40:16+00:00 [info] User Deprecated: The "Symfony\Component\Routing\Matcher\Dumper\PhpMatcherDumper" class is deprecated since Symfony 4.2, use "CompiledUrlMatcherDumper" instead.
2019-04-10T06:40:16+00:00 [info] Matched route "api_entrypoint".
2019-04-10T06:40:16+00:00 [info] Populated the TokenStorage with an anonymous Token.
2019-04-10T06:40:16+00:00 [debug] Notified event "kernel.request" to listener "Symfony\Component\HttpKernel\EventListener\DebugHandlersListener::configure".
2019-04-10T06:40:16+00:00 [debug] Notified event "kernel.request" to listener "Symfony\Component\HttpKernel\EventListener\ValidateRequestListener::onKernelRequest".
2019-04-10T06:40:16+00:00 [debug] Notified event "kernel.request" to listener "Nelmio\CorsBundle\EventListener\CorsListener::onKernelRequest".
2019-04-10T06:40:16+00:00 [debug] Notified event "kernel.request" to listener "Symfony\Component\HttpKernel\EventListener\SessionListener::onKernelRequest".
2019-04-10T06:40:16+00:00 [debug] Notified event "kernel.request" to listener "Symfony\Component\HttpKernel\EventListener\LocaleListener::setDefaultLocale".
2019-04-10T06:40:16+00:00 [debug] Notified event "kernel.request" to listener "Symfony\Component\HttpKernel\EventListener\RouterListener::onKernelRequest".
2019-04-10T06:40:16+00:00 [debug] Notified event "kernel.request" to listener "Symfony\Bundle\FrameworkBundle\EventListener\ResolveControllerNameSubscriber::onKernelRequest".
2019-04-10T06:40:16+00:00 [debug] Notified event "kernel.request" to listener "ApiPlatform\Core\Filter\QueryParameterValidateListener::onKernelRequest".
2019-04-10T06:40:16+00:00 [debug] Notified event "kernel.request" to listener "Symfony\Component\HttpKernel\EventListener\LocaleListener::onKernelRequest".
2019-04-10T06:40:16+00:00 [debug] Notified event "kernel.request" to listener "Symfony\Bundle\SecurityBundle\Debug\TraceableFirewallListener::configureLogoutUrlGenerator".
2019-04-10T06:40:16+00:00 [debug] Notified event "kernel.request" to listener "Symfony\Bundle\SecurityBundle\Debug\TraceableFirewallListener::onKernelRequest".
2019-04-10T06:40:16+00:00 [debug] Notified event "kernel.request" to listener "ApiPlatform\Core\EventListener\AddFormatListener::onKernelRequest".
2019-04-10T06:40:16+00:00 [debug] Notified event "kernel.request" to listener "ApiPlatform\Core\EventListener\ReadListener::onKernelRequest".
2019-04-10T06:40:16+00:00 [debug] Notified event "kernel.request" to listener "ApiPlatform\Core\EventListener\DeserializeListener::onKernelRequest".
2019-04-10T06:40:16+00:00 [debug] Notified event "kernel.request" to listener "ApiPlatform\Core\Security\EventListener\DenyAccessListener::onKernelRequest".
2019-04-10T06:40:16+00:00 [debug] Notified event "kernel.request" to listener "ApiPlatform\Core\Bridge\Symfony\Bundle\EventListener\SwaggerUiListener::onKernelRequest".
2019-04-10T06:40:16+00:00 [info] User Deprecated: Passing a "Symfony\Component\HttpFoundation\RequestStack" instance as the first argument to the "Symfony\Bridge\Twig\Extension\HttpFoundationExtension" constructor is deprecated since Symfony 4.3, pass a "Symfony\Component\HttpFoundation\UrlHelper" instance instead.
2019-04-10T06:40:16+00:00 [debug] Notified event "kernel.controller" to listener "Symfony\Bundle\FrameworkBundle\DataCollector\RouterDataCollector::onKernelController".
2019-04-10T06:40:16+00:00 [debug] Notified event "kernel.controller" to listener "Symfony\Component\HttpKernel\DataCollector\RequestDataCollector::onKernelController".
2019-04-10T06:40:16+00:00 [debug] Notified event "kernel.response" to listener "ApiPlatform\Core\Hydra\EventListener\AddLinkHeaderListener::onKernelResponse".
2019-04-10T06:40:16+00:00 [debug] Notified event "kernel.response" to listener "Symfony\Component\HttpKernel\EventListener\ResponseListener::onKernelResponse".
2019-04-10T06:40:16+00:00 [debug] Notified event "kernel.response" to listener "Symfony\Component\HttpKernel\DataCollector\RequestDataCollector::onKernelResponse".
2019-04-10T06:40:16+00:00 [debug] Notified event "kernel.response" to listener "Symfony\Component\WebLink\EventListener\AddLinkHeaderListener::onKernelResponse".
2019-04-10T06:40:16+00:00 [debug] Notified event "kernel.response" to listener "Symfony\Component\Security\Http\RememberMe\ResponseListener::onKernelResponse".
2019-04-10T06:40:16+00:00 [debug] Notified event "kernel.response" to listener "ApiPlatform\Core\HttpCache\EventListener\AddHeadersListener::onKernelResponse".
2019-04-10T06:40:16+00:00 [debug] Notified event "kernel.response" to listener "Symfony\Component\HttpKernel\EventListener\ProfilerListener::onKernelResponse".
2019-04-10T06:40:16+00:00 [debug] Notified event "kernel.response" to listener "Symfony\Bundle\WebProfilerBundle\EventListener\WebDebugToolbarListener::onKernelResponse".
2019-04-10T06:40:16+00:00 [debug] Notified event "kernel.response" to listener "Symfony\Component\HttpKernel\EventListener\SessionListener::onKernelResponse".
2019-04-10T06:40:16+00:00 [debug] Notified event "kernel.response" to listener "Symfony\Component\HttpKernel\EventListener\StreamedResponseListener::onKernelResponse".
2019-04-10T06:40:16+00:00 [debug] Notified event "kernel.finish_request" to listener "Symfony\Component\HttpKernel\EventListener\LocaleListener::onKernelFinishRequest".
2019-04-10T06:40:16+00:00 [debug] Notified event "kernel.finish_request" to listener "Symfony\Component\HttpKernel\EventListener\SessionListener::onFinishRequest".
2019-04-10T06:40:16+00:00 [debug] Notified event "kernel.finish_request" to listener "Symfony\Component\HttpKernel\EventListener\RouterListener::onKernelFinishRequest".
2019-04-10T06:40:16+00:00 [debug] Notified event "kernel.finish_request" to listener "Symfony\Bundle\SecurityBundle\Debug\TraceableFirewallListener::onKernelFinishRequest".
2019-04-10T06:40:16+00:00 [debug] Notified event "kernel.terminate" to listener "Symfony\Component\HttpKernel\EventListener\ProfilerListener::onKernelTerminate".
2019-04-10T06:40:17+00:00 [info] User Deprecated: Option "generator_base_class" given to router Symfony\Bundle\FrameworkBundle\Routing\Router is deprecated since Symfony 4.3.
2019-04-10T06:40:17+00:00 [info] User Deprecated: Option "generator_cache_class" given to router Symfony\Bundle\FrameworkBundle\Routing\Router is deprecated since Symfony 4.3.
2019-04-10T06:40:17+00:00 [info] User Deprecated: Option "matcher_base_class" given to router Symfony\Bundle\FrameworkBundle\Routing\Router is deprecated since Symfony 4.3.
2019-04-10T06:40:17+00:00 [info] User Deprecated: Option "matcher_cache_class" given to router Symfony\Bundle\FrameworkBundle\Routing\Router is deprecated since Symfony 4.3.
2019-04-10T06:40:17+00:00 [info] Matched route "_wdt".
2019-04-10T06:40:17+00:00 [debug] Notified event "kernel.request" to listener "Symfony\Component\HttpKernel\EventListener\DebugHandlersListener::configure".
2019-04-10T06:40:17+00:00 [debug] Notified event "kernel.request" to listener "Symfony\Component\HttpKernel\EventListener\ValidateRequestListener::onKernelRequest".
2019-04-10T06:40:17+00:00 [debug] Notified event "kernel.request" to listener "Nelmio\CorsBundle\EventListener\CorsListener::onKernelRequest".
2019-04-10T06:40:17+00:00 [debug] Notified event "kernel.request" to listener "Symfony\Component\HttpKernel\EventListener\SessionListener::onKernelRequest".
2019-04-10T06:40:17+00:00 [debug] Notified event "kernel.request" to listener "Symfony\Component\HttpKernel\EventListener\LocaleListener::setDefaultLocale".
2019-04-10T06:40:17+00:00 [debug] Notified event "kernel.request" to listener "Symfony\Component\HttpKernel\EventListener\RouterListener::onKernelRequest".
2019-04-10T06:40:17+00:00 [debug] Notified event "kernel.request" to listener "Symfony\Bundle\FrameworkBundle\EventListener\ResolveControllerNameSubscriber::onKernelRequest".
2019-04-10T06:40:17+00:00 [debug] Notified event "kernel.request" to listener "ApiPlatform\Core\Filter\QueryParameterValidateListener::onKernelRequest".
2019-04-10T06:40:17+00:00 [debug] Notified event "kernel.request" to listener "Symfony\Component\HttpKernel\EventListener\LocaleListener::onKernelRequest".
2019-04-10T06:40:17+00:00 [debug] Notified event "kernel.request" to listener "Symfony\Bundle\SecurityBundle\Debug\TraceableFirewallListener::configureLogoutUrlGenerator".
2019-04-10T06:40:17+00:00 [debug] Notified event "kernel.request" to listener "Symfony\Bundle\SecurityBundle\Debug\TraceableFirewallListener::onKernelRequest".
2019-04-10T06:40:17+00:00 [debug] Notified event "kernel.request" to listener "ApiPlatform\Core\EventListener\AddFormatListener::onKernelRequest".
2019-04-10T06:40:17+00:00 [debug] Notified event "kernel.request" to listener "ApiPlatform\Core\EventListener\ReadListener::onKernelRequest".
2019-04-10T06:40:17+00:00 [debug] Notified event "kernel.request" to listener "ApiPlatform\Core\EventListener\DeserializeListener::onKernelRequest".
2019-04-10T06:40:17+00:00 [debug] Notified event "kernel.request" to listener "ApiPlatform\Core\Security\EventListener\DenyAccessListener::onKernelRequest".
2019-04-10T06:40:17+00:00 [debug] Notified event "kernel.request" to listener "ApiPlatform\Core\Bridge\Symfony\Bundle\EventListener\SwaggerUiListener::onKernelRequest".
2019-04-10T06:40:17+00:00 [info] User Deprecated: Passing a "Symfony\Component\HttpFoundation\RequestStack" instance as the first argument to the "Symfony\Bridge\Twig\Extension\HttpFoundationExtension" constructor is deprecated since Symfony 4.3, pass a "Symfony\Component\HttpFoundation\UrlHelper" instance instead.
2019-04-10T06:40:17+00:00 [debug] Notified event "kernel.controller" to listener "Symfony\Bundle\FrameworkBundle\DataCollector\RouterDataCollector::onKernelController".
2019-04-10T06:40:17+00:00 [debug] Notified event "kernel.controller" to listener "Symfony\Component\HttpKernel\DataCollector\RequestDataCollector::onKernelController".
2019-04-10T06:40:17+00:00 [debug] Notified event "kernel.response" to listener "ApiPlatform\Core\Hydra\EventListener\AddLinkHeaderListener::onKernelResponse".
2019-04-10T06:40:17+00:00 [debug] Notified event "kernel.response" to listener "Symfony\Component\HttpKernel\EventListener\ResponseListener::onKernelResponse".
2019-04-10T06:40:17+00:00 [debug] Notified event "kernel.response" to listener "Symfony\Component\HttpKernel\DataCollector\RequestDataCollector::onKernelResponse".
2019-04-10T06:40:17+00:00 [debug] Notified event "kernel.response" to listener "Symfony\Component\WebLink\EventListener\AddLinkHeaderListener::onKernelResponse".
2019-04-10T06:40:17+00:00 [debug] Notified event "kernel.response" to listener "Symfony\Component\Security\Http\RememberMe\ResponseListener::onKernelResponse".
2019-04-10T06:40:17+00:00 [debug] Notified event "kernel.response" to listener "ApiPlatform\Core\HttpCache\EventListener\AddHeadersListener::onKernelResponse".
2019-04-10T06:40:17+00:00 [debug] Notified event "kernel.response" to listener "Symfony\Component\HttpKernel\EventListener\ProfilerListener::onKernelResponse".
2019-04-10T06:40:17+00:00 [debug] Notified event "kernel.response" to listener "Symfony\Bundle\WebProfilerBundle\EventListener\WebDebugToolbarListener::onKernelResponse".
2019-04-10T06:40:17+00:00 [debug] Notified event "kernel.response" to listener "Symfony\Component\HttpKernel\EventListener\SessionListener::onKernelResponse".
2019-04-10T06:40:17+00:00 [debug] Notified event "kernel.response" to listener "Symfony\Component\HttpKernel\EventListener\StreamedResponseListener::onKernelResponse".
2019-04-10T06:40:17+00:00 [debug] Notified event "kernel.finish_request" to listener "Symfony\Component\HttpKernel\EventListener\LocaleListener::onKernelFinishRequest".
2019-04-10T06:40:17+00:00 [debug] Notified event "kernel.finish_request" to listener "Symfony\Component\HttpKernel\EventListener\SessionListener::onFinishRequest".
2019-04-10T06:40:17+00:00 [debug] Notified event "kernel.finish_request" to listener "Symfony\Component\HttpKernel\EventListener\RouterListener::onKernelFinishRequest".
2019-04-10T06:40:17+00:00 [debug] Notified event "kernel.finish_request" to listener "Symfony\Bundle\SecurityBundle\Debug\TraceableFirewallListener::onKernelFinishRequest".
2019-04-10T06:40:17+00:00 [debug] Notified event "kernel.terminate" to listener "Symfony\Component\HttpKernel\EventListener\ProfilerListener::onKernelTerminate".
AH00558: apache2: Could not reliably determine the server's fully qualified domain name, using 172.22.0.3. Set the 'ServerName' directive globally to suppress this message
[Wed Apr 10 06:47:03.334293 2019] [core:warn] [pid 11] AH00098: pid file /var/run/apache2/apache2.pid overwritten -- Unclean shutdown of previous Apache run?
[Wed Apr 10 06:47:03.336526 2019] [mpm_prefork:notice] [pid 11] AH00163: Apache/2.4.29 (Ubuntu) configured -- resuming normal operations
[Wed Apr 10 06:47:03.336550 2019] [core:notice] [pid 11] AH00094: Command line: '/usr/sbin/apache2 -D FOREGROUND'
AH00558: apache2: Could not reliably determine the server's fully qualified domain name, using 172.22.0.4. Set the 'ServerName' directive globally to suppress this message
[Wed Apr 10 06:48:54.227073 2019] [core:warn] [pid 10] AH00098: pid file /var/run/apache2/apache2.pid overwritten -- Unclean shutdown of previous Apache run?
[Wed Apr 10 06:48:54.230053 2019] [mpm_prefork:notice] [pid 10] AH00163: Apache/2.4.29 (Ubuntu) configured -- resuming normal operations
[Wed Apr 10 06:48:54.230093 2019] [core:notice] [pid 10] AH00094: Command line: '/usr/sbin/apache2 -D FOREGROUND'
AH00558: apache2: Could not reliably determine the server's fully qualified domain name, using 172.24.0.3. Set the 'ServerName' directive globally to suppress this message
[Wed Apr 10 07:10:04.732488 2019] [mpm_prefork:notice] [pid 10] AH00163: Apache/2.4.29 (Ubuntu) configured -- resuming normal operations
[Wed Apr 10 07:10:04.732541 2019] [core:notice] [pid 10] AH00094: Command line: '/usr/sbin/apache2 -D FOREGROUND'
2019-04-10T07:10:14+00:00 [info] User Deprecated: Option "generator_base_class" given to router Symfony\Bundle\FrameworkBundle\Routing\Router is deprecated since Symfony 4.3.
2019-04-10T07:10:14+00:00 [info] User Deprecated: Option "generator_cache_class" given to router Symfony\Bundle\FrameworkBundle\Routing\Router is deprecated since Symfony 4.3.
2019-04-10T07:10:14+00:00 [info] User Deprecated: Option "matcher_base_class" given to router Symfony\Bundle\FrameworkBundle\Routing\Router is deprecated since Symfony 4.3.
2019-04-10T07:10:14+00:00 [info] User Deprecated: Option "matcher_cache_class" given to router Symfony\Bundle\FrameworkBundle\Routing\Router is deprecated since Symfony 4.3.
2019-04-10T07:10:14+00:00 [info] Matched route "api_entrypoint".
2019-04-10T07:10:14+00:00 [info] Populated the TokenStorage with an anonymous Token.
2019-04-10T07:10:14+00:00 [debug] Notified event "kernel.request" to listener "Symfony\Component\HttpKernel\EventListener\DebugHandlersListener::configure".
2019-04-10T07:10:14+00:00 [debug] Notified event "kernel.request" to listener "Symfony\Component\HttpKernel\EventListener\ValidateRequestListener::onKernelRequest".
2019-04-10T07:10:14+00:00 [debug] Notified event "kernel.request" to listener "Nelmio\CorsBundle\EventListener\CorsListener::onKernelRequest".
2019-04-10T07:10:14+00:00 [debug] Notified event "kernel.request" to listener "Symfony\Component\HttpKernel\EventListener\SessionListener::onKernelRequest".
2019-04-10T07:10:14+00:00 [debug] Notified event "kernel.request" to listener "Symfony\Component\HttpKernel\EventListener\LocaleListener::setDefaultLocale".
2019-04-10T07:10:14+00:00 [debug] Notified event "kernel.request" to listener "Symfony\Component\HttpKernel\EventListener\RouterListener::onKernelRequest".
2019-04-10T07:10:14+00:00 [debug] Notified event "kernel.request" to listener "Symfony\Bundle\FrameworkBundle\EventListener\ResolveControllerNameSubscriber::onKernelRequest".
2019-04-10T07:10:14+00:00 [debug] Notified event "kernel.request" to listener "ApiPlatform\Core\Filter\QueryParameterValidateListener::onKernelRequest".
2019-04-10T07:10:14+00:00 [debug] Notified event "kernel.request" to listener "Symfony\Component\HttpKernel\EventListener\LocaleListener::onKernelRequest".
2019-04-10T07:10:14+00:00 [debug] Notified event "kernel.request" to listener "Symfony\Bundle\SecurityBundle\Debug\TraceableFirewallListener::configureLogoutUrlGenerator".
2019-04-10T07:10:14+00:00 [debug] Notified event "kernel.request" to listener "Symfony\Bundle\SecurityBundle\Debug\TraceableFirewallListener::onKernelRequest".
2019-04-10T07:10:14+00:00 [debug] Notified event "kernel.request" to listener "ApiPlatform\Core\EventListener\AddFormatListener::onKernelRequest".
2019-04-10T07:10:14+00:00 [debug] Notified event "kernel.request" to listener "ApiPlatform\Core\EventListener\ReadListener::onKernelRequest".
2019-04-10T07:10:14+00:00 [debug] Notified event "kernel.request" to listener "ApiPlatform\Core\EventListener\DeserializeListener::onKernelRequest".
2019-04-10T07:10:14+00:00 [debug] Notified event "kernel.request" to listener "ApiPlatform\Core\Security\EventListener\DenyAccessListener::onKernelRequest".
2019-04-10T07:10:14+00:00 [debug] Notified event "kernel.request" to listener "ApiPlatform\Core\Bridge\Symfony\Bundle\EventListener\SwaggerUiListener::onKernelRequest".
2019-04-10T07:10:14+00:00 [info] User Deprecated: Passing a "Symfony\Component\HttpFoundation\RequestStack" instance as the first argument to the "Symfony\Bridge\Twig\Extension\HttpFoundationExtension" constructor is deprecated since Symfony 4.3, pass a "Symfony\Component\HttpFoundation\UrlHelper" instance instead.
2019-04-10T07:10:14+00:00 [debug] Notified event "kernel.controller" to listener "Symfony\Bundle\FrameworkBundle\DataCollector\RouterDataCollector::onKernelController".
2019-04-10T07:10:14+00:00 [debug] Notified event "kernel.controller" to listener "Symfony\Component\HttpKernel\DataCollector\RequestDataCollector::onKernelController".
2019-04-10T07:10:14+00:00 [debug] Notified event "kernel.response" to listener "ApiPlatform\Core\Hydra\EventListener\AddLinkHeaderListener::onKernelResponse".
2019-04-10T07:10:14+00:00 [debug] Notified event "kernel.response" to listener "Symfony\Component\HttpKernel\EventListener\ResponseListener::onKernelResponse".
2019-04-10T07:10:14+00:00 [debug] Notified event "kernel.response" to listener "Symfony\Component\HttpKernel\DataCollector\RequestDataCollector::onKernelResponse".
2019-04-10T07:10:14+00:00 [debug] Notified event "kernel.response" to listener "Symfony\Component\WebLink\EventListener\AddLinkHeaderListener::onKernelResponse".
2019-04-10T07:10:14+00:00 [debug] Notified event "kernel.response" to listener "Symfony\Component\Security\Http\RememberMe\ResponseListener::onKernelResponse".
2019-04-10T07:10:14+00:00 [debug] Notified event "kernel.response" to listener "ApiPlatform\Core\HttpCache\EventListener\AddHeadersListener::onKernelResponse".
2019-04-10T07:10:14+00:00 [debug] Notified event "kernel.response" to listener "Symfony\Component\HttpKernel\EventListener\ProfilerListener::onKernelResponse".
2019-04-10T07:10:14+00:00 [debug] Notified event "kernel.response" to listener "Symfony\Bundle\WebProfilerBundle\EventListener\WebDebugToolbarListener::onKernelResponse".
2019-04-10T07:10:14+00:00 [debug] Notified event "kernel.response" to listener "Symfony\Component\HttpKernel\EventListener\SessionListener::onKernelResponse".
2019-04-10T07:10:14+00:00 [debug] Notified event "kernel.response" to listener "Symfony\Component\HttpKernel\EventListener\StreamedResponseListener::onKernelResponse".
2019-04-10T07:10:14+00:00 [debug] Notified event "kernel.finish_request" to listener "Symfony\Component\HttpKernel\EventListener\LocaleListener::onKernelFinishRequest".
2019-04-10T07:10:14+00:00 [debug] Notified event "kernel.finish_request" to listener "Symfony\Component\HttpKernel\EventListener\SessionListener::onFinishRequest".
2019-04-10T07:10:14+00:00 [debug] Notified event "kernel.finish_request" to listener "Symfony\Component\HttpKernel\EventListener\RouterListener::onKernelFinishRequest".
2019-04-10T07:10:14+00:00 [debug] Notified event "kernel.finish_request" to listener "Symfony\Bundle\SecurityBundle\Debug\TraceableFirewallListener::onKernelFinishRequest".
2019-04-10T07:10:14+00:00 [debug] Notified event "kernel.terminate" to listener "Symfony\Component\HttpKernel\EventListener\ProfilerListener::onKernelTerminate".
2019-04-10T07:10:15+00:00 [info] User Deprecated: Option "generator_base_class" given to router Symfony\Bundle\FrameworkBundle\Routing\Router is deprecated since Symfony 4.3.
2019-04-10T07:10:15+00:00 [info] User Deprecated: Option "generator_cache_class" given to router Symfony\Bundle\FrameworkBundle\Routing\Router is deprecated since Symfony 4.3.
2019-04-10T07:10:15+00:00 [info] User Deprecated: Option "matcher_base_class" given to router Symfony\Bundle\FrameworkBundle\Routing\Router is deprecated since Symfony 4.3.
2019-04-10T07:10:15+00:00 [info] User Deprecated: Option "matcher_cache_class" given to router Symfony\Bundle\FrameworkBundle\Routing\Router is deprecated since Symfony 4.3.
2019-04-10T07:10:15+00:00 [info] Matched route "_wdt".
2019-04-10T07:10:15+00:00 [debug] Notified event "kernel.request" to listener "Symfony\Component\HttpKernel\EventListener\DebugHandlersListener::configure".
2019-04-10T07:10:15+00:00 [debug] Notified event "kernel.request" to listener "Symfony\Component\HttpKernel\EventListener\ValidateRequestListener::onKernelRequest".
2019-04-10T07:10:15+00:00 [debug] Notified event "kernel.request" to listener "Nelmio\CorsBundle\EventListener\CorsListener::onKernelRequest".
2019-04-10T07:10:15+00:00 [debug] Notified event "kernel.request" to listener "Symfony\Component\HttpKernel\EventListener\SessionListener::onKernelRequest".
2019-04-10T07:10:15+00:00 [debug] Notified event "kernel.request" to listener "Symfony\Component\HttpKernel\EventListener\LocaleListener::setDefaultLocale".
2019-04-10T07:10:15+00:00 [debug] Notified event "kernel.request" to listener "Symfony\Component\HttpKernel\EventListener\RouterListener::onKernelRequest".
2019-04-10T07:10:15+00:00 [debug] Notified event "kernel.request" to listener "Symfony\Bundle\FrameworkBundle\EventListener\ResolveControllerNameSubscriber::onKernelRequest".
2019-04-10T07:10:15+00:00 [debug] Notified event "kernel.request" to listener "ApiPlatform\Core\Filter\QueryParameterValidateListener::onKernelRequest".
2019-04-10T07:10:15+00:00 [debug] Notified event "kernel.request" to listener "Symfony\Component\HttpKernel\EventListener\LocaleListener::onKernelRequest".
2019-04-10T07:10:15+00:00 [debug] Notified event "kernel.request" to listener "Symfony\Bundle\SecurityBundle\Debug\TraceableFirewallListener::configureLogoutUrlGenerator".
2019-04-10T07:10:15+00:00 [debug] Notified event "kernel.request" to listener "Symfony\Bundle\SecurityBundle\Debug\TraceableFirewallListener::onKernelRequest".
2019-04-10T07:10:15+00:00 [debug] Notified event "kernel.request" to listener "ApiPlatform\Core\EventListener\AddFormatListener::onKernelRequest".
2019-04-10T07:10:15+00:00 [debug] Notified event "kernel.request" to listener "ApiPlatform\Core\EventListener\ReadListener::onKernelRequest".
2019-04-10T07:10:15+00:00 [debug] Notified event "kernel.request" to listener "ApiPlatform\Core\EventListener\DeserializeListener::onKernelRequest".
2019-04-10T07:10:15+00:00 [debug] Notified event "kernel.request" to listener "ApiPlatform\Core\Security\EventListener\DenyAccessListener::onKernelRequest".
2019-04-10T07:10:15+00:00 [debug] Notified event "kernel.request" to listener "ApiPlatform\Core\Bridge\Symfony\Bundle\EventListener\SwaggerUiListener::onKernelRequest".
2019-04-10T07:10:15+00:00 [info] User Deprecated: Passing a "Symfony\Component\HttpFoundation\RequestStack" instance as the first argument to the "Symfony\Bridge\Twig\Extension\HttpFoundationExtension" constructor is deprecated since Symfony 4.3, pass a "Symfony\Component\HttpFoundation\UrlHelper" instance instead.
2019-04-10T07:10:15+00:00 [debug] Notified event "kernel.controller" to listener "Symfony\Bundle\FrameworkBundle\DataCollector\RouterDataCollector::onKernelController".
2019-04-10T07:10:15+00:00 [debug] Notified event "kernel.controller" to listener "Symfony\Component\HttpKernel\DataCollector\RequestDataCollector::onKernelController".
2019-04-10T07:10:15+00:00 [debug] Notified event "kernel.response" to listener "ApiPlatform\Core\Hydra\EventListener\AddLinkHeaderListener::onKernelResponse".
2019-04-10T07:10:15+00:00 [debug] Notified event "kernel.response" to listener "Symfony\Component\HttpKernel\EventListener\ResponseListener::onKernelResponse".
2019-04-10T07:10:15+00:00 [debug] Notified event "kernel.response" to listener "Symfony\Component\HttpKernel\DataCollector\RequestDataCollector::onKernelResponse".
2019-04-10T07:10:15+00:00 [debug] Notified event "kernel.response" to listener "Symfony\Component\WebLink\EventListener\AddLinkHeaderListener::onKernelResponse".
2019-04-10T07:10:15+00:00 [debug] Notified event "kernel.response" to listener "Symfony\Component\Security\Http\RememberMe\ResponseListener::onKernelResponse".
2019-04-10T07:10:15+00:00 [debug] Notified event "kernel.response" to listener "ApiPlatform\Core\HttpCache\EventListener\AddHeadersListener::onKernelResponse".
2019-04-10T07:10:15+00:00 [debug] Notified event "kernel.response" to listener "Symfony\Component\HttpKernel\EventListener\ProfilerListener::onKernelResponse".
2019-04-10T07:10:15+00:00 [debug] Notified event "kernel.response" to listener "Symfony\Bundle\WebProfilerBundle\EventListener\WebDebugToolbarListener::onKernelResponse".
2019-04-10T07:10:15+00:00 [debug] Notified event "kernel.response" to listener "Symfony\Component\HttpKernel\EventListener\SessionListener::onKernelResponse".
2019-04-10T07:10:15+00:00 [debug] Notified event "kernel.response" to listener "Symfony\Component\HttpKernel\EventListener\StreamedResponseListener::onKernelResponse".
2019-04-10T07:10:15+00:00 [debug] Notified event "kernel.finish_request" to listener "Symfony\Component\HttpKernel\EventListener\LocaleListener::onKernelFinishRequest".
2019-04-10T07:10:15+00:00 [debug] Notified event "kernel.finish_request" to listener "Symfony\Component\HttpKernel\EventListener\SessionListener::onFinishRequest".
2019-04-10T07:10:15+00:00 [debug] Notified event "kernel.finish_request" to listener "Symfony\Component\HttpKernel\EventListener\RouterListener::onKernelFinishRequest".
2019-04-10T07:10:15+00:00 [debug] Notified event "kernel.finish_request" to listener "Symfony\Bundle\SecurityBundle\Debug\TraceableFirewallListener::onKernelFinishRequest".
2019-04-10T07:10:15+00:00 [debug] Notified event "kernel.terminate" to listener "Symfony\Component\HttpKernel\EventListener\ProfilerListener::onKernelTerminate".
AH00558: apache2: Could not reliably determine the server's fully qualified domain name, using 172.25.0.3. Set the 'ServerName' directive globally to suppress this message
[Wed Apr 10 07:17:04.918078 2019] [mpm_prefork:notice] [pid 10] AH00163: Apache/2.4.29 (Ubuntu) configured -- resuming normal operations
[Wed Apr 10 07:17:04.918132 2019] [core:notice] [pid 10] AH00094: Command line: '/usr/sbin/apache2 -D FOREGROUND'
